#
# There is insufficient memory for the Java Runtime Environment to continue.
# Native memory allocation (malloc) failed to allocate 746336 bytes for Chunk::new
# Possible reasons:
#   The system is out of physical RAM or swap space
#   The process is running with CompressedOops enabled, and the Java Heap may be blocking the growth of the native heap
# Possible solutions:
#   Reduce memory load on the system
#   Increase physical memory or swap space
#   Check if swap backing store is full
#   Decrease Java heap size (-Xmx/-Xms)
#   Decrease number of Java threads
#   Decrease Java thread stack sizes (-Xss)
#   Set larger code cache with -XX:ReservedCodeCacheSize=
#   JVM is running with Unscaled Compressed Oops mode in which the Java heap is
#     placed in the first 4GB address space. The Java Heap base address is the
#     maximum limit for the native heap growth. Please use -XX:HeapBaseMinAddress
#     to set the Java Heap base and to place the Java Heap above 4GB virtual address.
# This output file may be truncated or incomplete.
#
#  Out of Memory Error (allocation.cpp:389), pid=8564, tid=0x00000000000017d4
#
# JRE version: OpenJDK Runtime Environment (8.0_212-b04) (build 1.8.0_212-release-1586-b04)
# Java VM: OpenJDK 64-Bit Server VM (25.212-b04 mixed mode windows-amd64 compressed oops)
# Failed to write core dump. Minidumps are not enabled by default on client versions of Windows
#

---------------  T H R E A D  ---------------

Current thread (0x0000000018d93000):  JavaThread "C2 CompilerThread2" daemon [_thread_in_native, id=6100, stack(0x0000000019860000,0x0000000019960000)]

Stack: [0x0000000019860000,0x0000000019960000]
[error occurred during error reporting (printing stack bounds), id 0xc0000005]

Native frames: (J=compiled Java code, j=interpreted, Vv=VM code, C=native code)


Current CompileTask:
C2:   6981 4399   !   4       com.sun.beans.TypeResolver::resolve (274 bytes)


---------------  P R O C E S S  ---------------

Java Threads: ( => current thread )
  0x0000000021209000 JavaThread "Cache worker for Build Output Cleanup Cache (C:\Users\Irfani\AndroidStudioProjects\Project_Android\.gradle\buildOutputCleanup)" [_thread_blocked, id=1212, stack(0x0000000021f30000,0x0000000022030000)]
  0x0000000021206800 JavaThread "Build operations Thread 8" [_thread_blocked, id=3872, stack(0x0000000023e10000,0x0000000023f10000)]
  0x0000000021205000 JavaThread "Build operations Thread 7" [_thread_blocked, id=10092, stack(0x0000000023d10000,0x0000000023e10000)]
  0x000000002120c000 JavaThread "Build operations Thread 6" [_thread_blocked, id=2352, stack(0x0000000023c10000,0x0000000023d10000)]
  0x0000000021204800 JavaThread "Build operations Thread 5" [_thread_blocked, id=7256, stack(0x0000000023b10000,0x0000000023c10000)]
  0x0000000021208000 JavaThread "Build operations Thread 4" [_thread_blocked, id=8012, stack(0x0000000023a10000,0x0000000023b10000)]
  0x0000000021207800 JavaThread "Build operations Thread 3" [_thread_blocked, id=7076, stack(0x0000000023910000,0x0000000023a10000)]
  0x000000002120a800 JavaThread "Build operations Thread 2" [_thread_blocked, id=6960, stack(0x0000000023810000,0x0000000023910000)]
  0x000000002120b000 JavaThread "Build operations" [_thread_blocked, id=8144, stack(0x00000000230c0000,0x00000000231c0000)]
  0x000000001b9b1800 JavaThread "Cache worker for execution history cache (C:\Users\Irfani\.gradle\caches\5.6.4\executionHistory)" [_thread_blocked, id=5504, stack(0x0000000021a30000,0x0000000021b30000)]
  0x000000001b9b2000 JavaThread "Cache worker for cache directory md-rule (C:\Users\Irfani\.gradle\caches\5.6.4\md-rule)" [_thread_blocked, id=7508, stack(0x0000000021930000,0x0000000021a30000)]
  0x000000001b9ae000 JavaThread "Cache worker for cache directory md-supplier (C:\Users\Irfani\.gradle\caches\5.6.4\md-supplier)" [_thread_blocked, id=10220, stack(0x0000000021370000,0x0000000021470000)]
  0x000000001b9b3000 JavaThread "Cache worker for file hash cache (C:\Users\Irfani\AndroidStudioProjects\Project_Android\.gradle\5.6.4\fileHashes)" [_thread_blocked, id=7840, stack(0x000000001ec50000,0x000000001ed50000)]
  0x000000001b9b0000 JavaThread "Cache worker for journal cache (C:\Users\Irfani\.gradle\caches\journal-1)" [_thread_blocked, id=3532, stack(0x000000001d980000,0x000000001da80000)]
  0x000000001b9af000 JavaThread "File lock request listener" [_thread_in_native, id=6880, stack(0x000000001d880000,0x000000001d980000)]
  0x000000001b991800 JavaThread "Cache worker for file hash cache (C:\Users\Irfani\.gradle\caches\5.6.4\fileHashes)" [_thread_blocked, id=9644, stack(0x000000001d780000,0x000000001d880000)]
  0x000000001b8ff000 JavaThread "Thread-9" [_thread_blocked, id=1104, stack(0x000000001d680000,0x000000001d780000)]
  0x000000001b8fe800 JavaThread "Stdin handler" [_thread_blocked, id=8760, stack(0x000000001d580000,0x000000001d680000)]
  0x000000001b8fd800 JavaThread "Asynchronous log dispatcher for DefaultDaemonConnection: socket connection from /127.0.0.1:50259 to /127.0.0.1:50260" [_thread_blocked, id=7384, stack(0x000000001d380000,0x000000001d480000)]
  0x000000001b8e5000 JavaThread "Daemon worker" [_thread_in_vm, id=7440, stack(0x000000001d280000,0x000000001d380000)]
  0x000000001b8e0000 JavaThread "Cancel handler" [_thread_blocked, id=9608, stack(0x000000001d180000,0x000000001d280000)]
  0x000000001b8b6000 JavaThread "Handler for socket connection from /127.0.0.1:50259 to /127.0.0.1:50260" [_thread_in_native, id=8684, stack(0x000000001ce80000,0x000000001cf80000)]
  0x000000001b8af000 JavaThread "Daemon" [_thread_blocked, id=9492, stack(0x000000001cd80000,0x000000001ce80000)]
  0x000000001b896000 JavaThread "Daemon periodic checks" [_thread_blocked, id=10176, stack(0x000000001cc80000,0x000000001cd80000)]
  0x000000001b834000 JavaThread "Incoming local TCP Connector on port 50259" [_thread_in_native, id=10168, stack(0x000000001ca40000,0x000000001cb40000)]
  0x000000001b759800 JavaThread "Daemon health stats" [_thread_blocked, id=9484, stack(0x000000001c400000,0x000000001c500000)]
  0x0000000018e28800 JavaThread "Service Thread" daemon [_thread_blocked, id=1828, stack(0x0000000019a60000,0x0000000019b60000)]
  0x0000000018d9b800 JavaThread "C1 CompilerThread3" daemon [_thread_in_vm, id=6944, stack(0x0000000019960000,0x0000000019a60000)]
=>0x0000000018d93000 JavaThread "C2 CompilerThread2" daemon [_thread_in_native, id=6100, stack(0x0000000019860000,0x0000000019960000)]
  0x0000000018d8c800 JavaThread "C2 CompilerThread1" daemon [_thread_blocked, id=8396, stack(0x0000000019760000,0x0000000019860000)]
  0x0000000018d89800 JavaThread "C2 CompilerThread0" daemon [_thread_in_native, id=9220, stack(0x0000000019660000,0x0000000019760000)]
  0x0000000018d88800 JavaThread "Attach Listener" daemon [_thread_blocked, id=9320, stack(0x0000000019560000,0x0000000019660000)]
  0x0000000016f9e800 JavaThread "Signal Dispatcher" daemon [_thread_blocked, id=1056, stack(0x0000000019460000,0x0000000019560000)]
  0x00000000031c9000 JavaThread "Finalizer" daemon [_thread_blocked, id=1756, stack(0x0000000019260000,0x0000000019360000)]
  0x00000000031c6000 JavaThread "Reference Handler" daemon [_thread_blocked, id=3944, stack(0x0000000019160000,0x0000000019260000)]
  0x00000000030ce000 JavaThread "main" [_thread_blocked, id=6992, stack(0x0000000002f20000,0x0000000003020000)]

Other Threads:
  0x0000000016f88000 VMThread [stack: 0x0000000018c60000,0x0000000018d60000] [id=4860]
  0x0000000018ddc000 WatcherThread [stack: 0x0000000019b60000,0x0000000019c60000] [id=3744]

VM state:not at safepoint (normal execution)

VM Mutex/Monitor currently owned by a thread:  ([mutex/lock_event])
[0x00000000030d0bd0] Compile_lock - owner thread: 0x0000000018d9b800

heap address: 0x00000000a0000000, size: 1536 MB, Compressed Oops mode: 32-bit
Narrow klass base: 0x0000000000000000, Narrow klass shift: 3
Compressed class space size: 1073741824 Address: 0x0000000100000000

Heap:
 PSYoungGen      total 159744K, used 23213K [0x00000000e0000000, 0x00000000edd80000, 0x0000000100000000)
  eden space 147456K, 7% used [0x00000000e0000000,0x00000000e0ab02b0,0x00000000e9000000)
  from space 12288K, 99% used [0x00000000e9000000,0x00000000e9bfb440,0x00000000e9c00000)
  to   space 16384K, 0% used [0x00000000ecd80000,0x00000000ecd80000,0x00000000edd80000)
 ParOldGen       total 53248K, used 21994K [0x00000000a0000000, 0x00000000a3400000, 0x00000000e0000000)
  object space 53248K, 41% used [0x00000000a0000000,0x00000000a157aa00,0x00000000a3400000)
 Metaspace       used 48410K, capacity 49850K, committed 50216K, reserved 1093632K
  class space    used 6480K, capacity 6831K, committed 6952K, reserved 1048576K

Card table byte_map: [0x0000000012590000,0x00000000128a0000] byte_map_base: 0x0000000012090000

Marking Bits: (ParMarkBitMap*) 0x0000000062fc9f30
 Begin Bits: [0x00000000132a0000, 0x0000000014aa0000)
 End Bits:   [0x0000000014aa0000, 0x00000000162a0000)

Polling page: 0x0000000000df0000

CodeCache: size=245760Kb used=13808Kb max_used=15022Kb free=231951Kb
 bounds [0x00000000031d0000, 0x0000000004090000, 0x00000000121d0000]
 total_blobs=4796 nmethods=4030 adapters=679
 compilation: enabled

Compilation events (10 events):
Event: 6.976 Thread 0x0000000018d9b800 4419       1       java.util.HashMap::afterNodeAccess (1 bytes)
Event: 6.976 Thread 0x0000000018d9b800 nmethod 4419 0x00000000038a5190 code [0x00000000038a52e0, 0x00000000038a53f0]
Event: 6.976 Thread 0x0000000018d9b800 4420       3       sun.reflect.generics.reflectiveObjects.TypeVariableImpl::equals (67 bytes)
Event: 6.977 Thread 0x0000000018d9b800 nmethod 4420 0x0000000003348150 code [0x0000000003348340, 0x0000000003348d78]
Event: 6.978 Thread 0x0000000018d9b800 4421       3       org.gradle.groovy.scripts.DelegatingScriptSource::getClassName (10 bytes)
Event: 6.978 Thread 0x0000000018d9b800 nmethod 4421 0x00000000033000d0 code [0x0000000003300240, 0x0000000003300468]
Event: 6.978 Thread 0x0000000018d9b800 4422       3       org.gradle.groovy.scripts.TextResourceScriptSource::getClassName (20 bytes)
Event: 6.979 Thread 0x0000000018d9b800 nmethod 4422 0x0000000003308e10 code [0x0000000003308f80, 0x0000000003309168]
Event: 6.979 Thread 0x0000000018d9b800 4423       1       org.codehaus.groovy.runtime.callsite.AbstractCallSite::getIndex (5 bytes)
Event: 6.979 Thread 0x0000000018d9b800 nmethod 4423 0x0000000003a36050 code [0x0000000003a361a0, 0x0000000003a362b0]

GC Heap History (10 events):
Event: 3.997 GC heap before
{Heap before GC invocations=9 (full 1):
 PSYoungGen      total 71680K, used 64512K [0x00000000e0000000, 0x00000000e9200000, 0x0000000100000000)
  eden space 64512K, 100% used [0x00000000e0000000,0x00000000e3f00000,0x00000000e3f00000)
  from space 7168K, 0% used [0x00000000e3f00000,0x00000000e3f00000,0x00000000e4600000)
  to   space 10240K, 0% used [0x00000000e8800000,0x00000000e8800000,0x00000000e9200000)
 ParOldGen       total 38912K, used 12219K [0x00000000a0000000, 0x00000000a2600000, 0x00000000e0000000)
  object space 38912K, 31% used [0x00000000a0000000,0x00000000a0beef38,0x00000000a2600000)
 Metaspace       used 28001K, capacity 28514K, committed 28672K, reserved 1073152K
  class space    used 3826K, capacity 3976K, committed 4096K, reserved 1048576K
Event: 4.004 GC heap after
Heap after GC invocations=9 (full 1):
 PSYoungGen      total 114176K, used 7273K [0x00000000e0000000, 0x00000000e8f80000, 0x0000000100000000)
  eden space 106496K, 0% used [0x00000000e0000000,0x00000000e0000000,0x00000000e6800000)
  from space 7680K, 94% used [0x00000000e8800000,0x00000000e8f1a460,0x00000000e8f80000)
  to   space 10752K, 0% used [0x00000000e7a80000,0x00000000e7a80000,0x00000000e8500000)
 ParOldGen       total 38912K, used 12227K [0x00000000a0000000, 0x00000000a2600000, 0x00000000e0000000)
  object space 38912K, 31% used [0x00000000a0000000,0x00000000a0bf0f38,0x00000000a2600000)
 Metaspace       used 28001K, capacity 28514K, committed 28672K, reserved 1073152K
  class space    used 3826K, capacity 3976K, committed 4096K, reserved 1048576K
}
Event: 4.976 GC heap before
{Heap before GC invocations=10 (full 1):
 PSYoungGen      total 114176K, used 113769K [0x00000000e0000000, 0x00000000e8f80000, 0x0000000100000000)
  eden space 106496K, 100% used [0x00000000e0000000,0x00000000e6800000,0x00000000e6800000)
  from space 7680K, 94% used [0x00000000e8800000,0x00000000e8f1a460,0x00000000e8f80000)
  to   space 10752K, 0% used [0x00000000e7a80000,0x00000000e7a80000,0x00000000e8500000)
 ParOldGen       total 38912K, used 12227K [0x00000000a0000000, 0x00000000a2600000, 0x00000000e0000000)
  object space 38912K, 31% used [0x00000000a0000000,0x00000000a0bf0f38,0x00000000a2600000)
 Metaspace       used 33873K, capacity 34618K, committed 34944K, reserved 1079296K
  class space    used 4643K, capacity 4886K, committed 4992K, reserved 1048576K
Event: 4.988 GC heap after
Heap after GC invocations=10 (full 1):
 PSYoungGen      total 136192K, used 10725K [0x00000000e0000000, 0x00000000ea880000, 0x0000000100000000)
  eden space 125440K, 0% used [0x00000000e0000000,0x00000000e0000000,0x00000000e7a80000)
  from space 10752K, 99% used [0x00000000e7a80000,0x00000000e84f96a8,0x00000000e8500000)
  to   space 12800K, 0% used [0x00000000e9c00000,0x00000000e9c00000,0x00000000ea880000)
 ParOldGen       total 38912K, used 14035K [0x00000000a0000000, 0x00000000a2600000, 0x00000000e0000000)
  object space 38912K, 36% used [0x00000000a0000000,0x00000000a0db4f80,0x00000000a2600000)
 Metaspace       used 33873K, capacity 34618K, committed 34944K, reserved 1079296K
  class space    used 4643K, capacity 4886K, committed 4992K, reserved 1048576K
}
Event: 5.151 GC heap before
{Heap before GC invocations=11 (full 1):
 PSYoungGen      total 136192K, used 37279K [0x00000000e0000000, 0x00000000ea880000, 0x0000000100000000)
  eden space 125440K, 21% used [0x00000000e0000000,0x00000000e19ee880,0x00000000e7a80000)
  from space 10752K, 99% used [0x00000000e7a80000,0x00000000e84f96a8,0x00000000e8500000)
  to   space 12800K, 0% used [0x00000000e9c00000,0x00000000e9c00000,0x00000000ea880000)
 ParOldGen       total 38912K, used 14035K [0x00000000a0000000, 0x00000000a2600000, 0x00000000e0000000)
  object space 38912K, 36% used [0x00000000a0000000,0x00000000a0db4f80,0x00000000a2600000)
 Metaspace       used 34666K, capacity 35402K, committed 35496K, reserved 1079296K
  class space    used 4768K, capacity 4994K, committed 5032K, reserved 1048576K
Event: 5.168 GC heap after
Heap after GC invocations=11 (full 1):
 PSYoungGen      total 160256K, used 6459K [0x00000000e0000000, 0x00000000ecd00000, 0x0000000100000000)
  eden space 147456K, 0% used [0x00000000e0000000,0x00000000e0000000,0x00000000e9000000)
  from space 12800K, 50% used [0x00000000e9c00000,0x00000000ea24ef48,0x00000000ea880000)
  to   space 12288K, 0% used [0x00000000e9000000,0x00000000e9000000,0x00000000e9c00000)
 ParOldGen       total 38912K, used 17126K [0x00000000a0000000, 0x00000000a2600000, 0x00000000e0000000)
  object space 38912K, 44% used [0x00000000a0000000,0x00000000a10b9af0,0x00000000a2600000)
 Metaspace       used 34666K, capacity 35402K, committed 35496K, reserved 1079296K
  class space    used 4768K, capacity 4994K, committed 5032K, reserved 1048576K
}
Event: 5.168 GC heap before
{Heap before GC invocations=12 (full 2):
 PSYoungGen      total 160256K, used 6459K [0x00000000e0000000, 0x00000000ecd00000, 0x0000000100000000)
  eden space 147456K, 0% used [0x00000000e0000000,0x00000000e0000000,0x00000000e9000000)
  from space 12800K, 50% used [0x00000000e9c00000,0x00000000ea24ef48,0x00000000ea880000)
  to   space 12288K, 0% used [0x00000000e9000000,0x00000000e9000000,0x00000000e9c00000)
 ParOldGen       total 38912K, used 17126K [0x00000000a0000000, 0x00000000a2600000, 0x00000000e0000000)
  object space 38912K, 44% used [0x00000000a0000000,0x00000000a10b9af0,0x00000000a2600000)
 Metaspace       used 34666K, capacity 35402K, committed 35496K, reserved 1079296K
  class space    used 4768K, capacity 4994K, committed 5032K, reserved 1048576K
Event: 5.246 GC heap after
Heap after GC invocations=12 (full 2):
 PSYoungGen      total 160256K, used 0K [0x00000000e0000000, 0x00000000ecd00000, 0x0000000100000000)
  eden space 147456K, 0% used [0x00000000e0000000,0x00000000e0000000,0x00000000e9000000)
  from space 12800K, 0% used [0x00000000e9c00000,0x00000000e9c00000,0x00000000ea880000)
  to   space 12288K, 0% used [0x00000000e9000000,0x00000000e9000000,0x00000000e9c00000)
 ParOldGen       total 53248K, used 16420K [0x00000000a0000000, 0x00000000a3400000, 0x00000000e0000000)
  object space 53248K, 30% used [0x00000000a0000000,0x00000000a10092a8,0x00000000a3400000)
 Metaspace       used 34666K, capacity 35402K, committed 35496K, reserved 1079296K
  class space    used 4768K, capacity 4994K, committed 5032K, reserved 1048576K
}
Event: 6.877 GC heap before
{Heap before GC invocations=13 (full 2):
 PSYoungGen      total 160256K, used 147456K [0x00000000e0000000, 0x00000000ecd00000, 0x0000000100000000)
  eden space 147456K, 100% used [0x00000000e0000000,0x00000000e9000000,0x00000000e9000000)
  from space 12800K, 0% used [0x00000000e9c00000,0x00000000e9c00000,0x00000000ea880000)
  to   space 12288K, 0% used [0x00000000e9000000,0x00000000e9000000,0x00000000e9c00000)
 ParOldGen       total 53248K, used 16420K [0x00000000a0000000, 0x00000000a3400000, 0x00000000e0000000)
  object space 53248K, 30% used [0x00000000a0000000,0x00000000a10092a8,0x00000000a3400000)
 Metaspace       used 48371K, capacity 49682K, committed 49832K, reserved 1091584K
  class space    used 6474K, capacity 6795K, committed 6824K, reserved 1048576K
Event: 6.901 GC heap after
Heap after GC invocations=13 (full 2):
 PSYoungGen      total 159744K, used 12269K [0x00000000e0000000, 0x00000000edd80000, 0x0000000100000000)
  eden space 147456K, 0% used [0x00000000e0000000,0x00000000e0000000,0x00000000e9000000)
  from space 12288K, 99% used [0x00000000e9000000,0x00000000e9bfb440,0x00000000e9c00000)
  to   space 16384K, 0% used [0x00000000ecd80000,0x00000000ecd80000,0x00000000edd80000)
 ParOldGen       total 53248K, used 21994K [0x00000000a0000000, 0x00000000a3400000, 0x00000000e0000000)
  object space 53248K, 41% used [0x00000000a0000000,0x00000000a157aa00,0x00000000a3400000)
 Metaspace       used 48371K, capacity 49682K, committed 49832K, reserved 1091584K
  class space    used 6474K, capacity 6795K, committed 6824K, reserved 1048576K
}

Deoptimization events (10 events):
Event: 6.438 Thread 0x000000001b8e5000 Uncommon trap: reason=unstable_if action=reinterpret pc=0x0000000003a88128 method=org.objectweb.asm.ByteVector.putUTF8(Ljava/lang/String;)Lorg/objectweb/asm/ByteVector; @ 93
Event: 6.518 Thread 0x000000001b8e5000 Uncommon trap: reason=unstable_if action=reinterpret pc=0x0000000003a0e0f0 method=org.objectweb.asm.ByteVector.putUTF8(Ljava/lang/String;)Lorg/objectweb/asm/ByteVector; @ 93
Event: 6.539 Thread 0x000000001b8e5000 Uncommon trap: reason=unstable_if action=reinterpret pc=0x0000000003e17d54 method=groovy.lang.MetaClassImpl.filterPropertyMethod(Ljava/lang/Object;ZZ)Ljava/lang/Object; @ 192
Event: 6.702 Thread 0x000000001b8e5000 Uncommon trap: reason=unstable_if action=reinterpret pc=0x0000000003e941b0 method=org.gradle.internal.reflect.PropertyAccessorType.of(Ljava/lang/reflect/Method;)Lorg/gradle/internal/reflect/PropertyAccessorType; @ 56
Event: 6.817 Thread 0x000000001b8e5000 Uncommon trap: reason=speculate_class_check action=maybe_recompile pc=0x0000000003d4c528 method=com.google.common.collect.AbstractIndexedListIterator.next()Ljava/lang/Object; @ 27
Event: 6.817 Thread 0x000000001b8e5000 Uncommon trap: reason=speculate_class_check action=maybe_recompile pc=0x0000000003d4c528 method=com.google.common.collect.AbstractIndexedListIterator.next()Ljava/lang/Object; @ 27
Event: 6.817 Thread 0x000000001b8e5000 Uncommon trap: reason=speculate_class_check action=maybe_recompile pc=0x0000000003d4c528 method=com.google.common.collect.AbstractIndexedListIterator.next()Ljava/lang/Object; @ 27
Event: 6.817 Thread 0x000000001b8e5000 Uncommon trap: reason=speculate_class_check action=maybe_recompile pc=0x0000000003d4c528 method=com.google.common.collect.AbstractIndexedListIterator.next()Ljava/lang/Object; @ 27
Event: 6.827 Thread 0x000000001b8e5000 Uncommon trap: reason=unstable_if action=reinterpret pc=0x0000000003eaa770 method=org.gradle.internal.instantiation.AbstractClassGenerator$InjectionAnnotationValidator.validateMethod(Ljava/lang/reflect/Method;Lorg/gradle/internal/reflect/PropertyAccessorT
Event: 6.827 Thread 0x000000001b8e5000 Uncommon trap: reason=unstable_if action=reinterpret pc=0x0000000003f4a6b0 method=org.gradle.internal.instantiation.AbstractClassGenerator$InjectionAnnotationValidator.validateMethod(Ljava/lang/reflect/Method;Lorg/gradle/internal/reflect/PropertyAccessorT

Classes redefined (0 events):
No events

Internal exceptions (10 events):
Event: 6.953 Thread 0x000000001b8e5000 Exception <a 'java/lang/ClassNotFoundException': org/gradle/api/internal/NamedDomainObjectContainerConfigureDelegateBeanInfo> (0x00000000e04e6f70) thrown at [D:\src\AOSP-openjdk-cygwin\jdk8u\hotspot\src\share\vm\classfile\systemDictionary.cpp, line 210]
Event: 6.954 Thread 0x000000001b8e5000 Exception <a 'java/lang/ClassNotFoundException': org/gradle/api/internal/NamedDomainObjectContainerConfigureDelegateCustomizer> (0x00000000e052ec48) thrown at [D:\src\AOSP-openjdk-cygwin\jdk8u\hotspot\src\share\vm\classfile\systemDictionary.cpp, line 210]
Event: 6.965 Thread 0x000000001b8e5000 Exception <a 'java/lang/ClassNotFoundException': org/gradle/api/internal/FactoryNamedDomainObjectContainer_DecoratedBeanInfo> (0x00000000e0794cd0) thrown at [D:\src\AOSP-openjdk-cygwin\jdk8u\hotspot\src\share\vm\classfile\systemDictionary.cpp, line 210]
Event: 6.966 Thread 0x000000001b8e5000 Exception <a 'java/lang/ClassNotFoundException': org/gradle/api/internal/FactoryNamedDomainObjectContainerBeanInfo> (0x00000000e07d5538) thrown at [D:\src\AOSP-openjdk-cygwin\jdk8u\hotspot\src\share\vm\classfile\systemDictionary.cpp, line 210]
Event: 6.967 Thread 0x000000001b8e5000 Exception <a 'java/lang/ClassNotFoundException': org/gradle/api/internal/AbstractNamedDomainObjectContainerBeanInfo> (0x00000000e0815d98) thrown at [D:\src\AOSP-openjdk-cygwin\jdk8u\hotspot\src\share\vm\classfile\systemDictionary.cpp, line 210]
Event: 6.969 Thread 0x000000001b8e5000 Exception <a 'java/lang/ClassNotFoundException': org/gradle/api/internal/DefaultNamedDomainObjectSetBeanInfo> (0x00000000e0853b78) thrown at [D:\src\AOSP-openjdk-cygwin\jdk8u\hotspot\src\share\vm\classfile\systemDictionary.cpp, line 210]
Event: 6.970 Thread 0x000000001b8e5000 Exception <a 'java/lang/ClassNotFoundException': org/gradle/api/internal/DefaultNamedDomainObjectSetCustomizer> (0x00000000e0892720) thrown at [D:\src\AOSP-openjdk-cygwin\jdk8u\hotspot\src\share\vm\classfile\systemDictionary.cpp, line 210]
Event: 6.972 Thread 0x000000001b8e5000 Exception <a 'java/lang/ClassNotFoundException': org/gradle/api/internal/AbstractNamedDomainObjectContainerCustomizer> (0x00000000e08f01c0) thrown at [D:\src\AOSP-openjdk-cygwin\jdk8u\hotspot\src\share\vm\classfile\systemDictionary.cpp, line 210]
Event: 6.974 Thread 0x000000001b8e5000 Exception <a 'java/lang/ClassNotFoundException': org/gradle/api/internal/FactoryNamedDomainObjectContainerCustomizer> (0x00000000e094bf58) thrown at [D:\src\AOSP-openjdk-cygwin\jdk8u\hotspot\src\share\vm\classfile\systemDictionary.cpp, line 210]
Event: 6.976 Thread 0x000000001b8e5000 Exception <a 'java/lang/ClassNotFoundException': org/gradle/api/internal/FactoryNamedDomainObjectContainer_DecoratedCustomizer> (0x00000000e09a0380) thrown at [D:\src\AOSP-openjdk-cygwin\jdk8u\hotspot\src\share\vm\classfile\systemDictionary.cpp, line 210]

Events (10 events):
Event: 6.975 loading class org/gradle/api/internal/FactoryNamedDomainObjectContainer_DecoratedCustomizer
Event: 6.975 loading class org/gradle/api/internal/FactoryNamedDomainObjectContainer_DecoratedCustomizer done
Event: 6.975 loading class org/gradle/api/internal/FactoryNamedDomainObjectContainer_DecoratedCustomizer
Event: 6.975 loading class org/gradle/api/internal/FactoryNamedDomainObjectContainer_DecoratedCustomizer done
Event: 6.976 loading class org/gradle/api/internal/FactoryNamedDomainObjectContainer_DecoratedCustomizer
Event: 6.976 loading class org/gradle/api/internal/FactoryNamedDomainObjectContainer_DecoratedCustomizer done
Event: 6.979 loading class build_cz6bjwfrb15zps3gjddtc9bj4$_run_closure1$_closure4BeanInfo
Event: 6.979 loading class build_cz6bjwfrb15zps3gjddtc9bj4$_run_closure1$_closure4BeanInfo done
Event: 6.980 loading class build_cz6bjwfrb15zps3gjddtc9bj4$_run_closure1$_closure4BeanInfo
Event: 6.980 loading class build_cz6bjwfrb15zps3gjddtc9bj4$_run_closure1$_closure4BeanInfo done


Dynamic libraries:
0x00007ff70db10000 - 0x00007ff70db41000 	C:\Program Files\Android\Android Studio\jre\bin\java.exe
0x00007ffe083a0000 - 0x00007ffe08590000 	C:\Windows\SYSTEM32\ntdll.dll
0x00007ffe06e20000 - 0x00007ffe06ed2000 	C:\Windows\System32\KERNEL32.DLL
0x00007ffe05da0000 - 0x00007ffe06043000 	C:\Windows\System32\KERNELBASE.dll
0x00007ffe07c00000 - 0x00007ffe07ca3000 	C:\Windows\System32\ADVAPI32.dll
0x00007ffe07d30000 - 0x00007ffe07dce000 	C:\Windows\System32\msvcrt.dll
0x00007ffe07300000 - 0x00007ffe07397000 	C:\Windows\System32\sechost.dll
0x00007ffe073a0000 - 0x00007ffe074c0000 	C:\Windows\System32\RPCRT4.dll
0x00007ffe06ee0000 - 0x00007ffe07074000 	C:\Windows\System32\USER32.dll
0x00007ffe06280000 - 0x00007ffe062a1000 	C:\Windows\System32\win32u.dll
0x00007ffe07130000 - 0x00007ffe07156000 	C:\Windows\System32\GDI32.dll
0x00007ffe062b0000 - 0x00007ffe06444000 	C:\Windows\System32\gdi32full.dll
0x00007ffe05d00000 - 0x00007ffe05d9e000 	C:\Windows\System32\msvcp_win.dll
0x00007ffe05330000 - 0x00007ffe0542a000 	C:\Windows\System32\ucrtbase.dll
0x00007ffdf0cd0000 - 0x00007ffdf0f55000 	C:\Windows\WinSxS\amd64_microsoft.windows.common-controls_6595b64144ccf1df_6.0.18362.657_none_e6c5b579130e3898\COMCTL32.dll
0x00007ffe07dd0000 - 0x00007ffe08106000 	C:\Windows\System32\combase.dll
0x00007ffe060d0000 - 0x00007ffe06150000 	C:\Windows\System32\bcryptPrimitives.dll
0x00007ffe07a70000 - 0x00007ffe07a9e000 	C:\Windows\System32\IMM32.DLL
0x0000000062720000 - 0x00000000627f2000 	C:\Program Files\Android\Android Studio\jre\jre\bin\msvcr100.dll
0x0000000062800000 - 0x0000000063046000 	C:\Program Files\Android\Android Studio\jre\jre\bin\server\jvm.dll
0x00007ffe07b30000 - 0x00007ffe07b38000 	C:\Windows\System32\PSAPI.DLL
0x00007ffe020c0000 - 0x00007ffe020c9000 	C:\Windows\SYSTEM32\WSOCK32.dll
0x00007ffe01f30000 - 0x00007ffe01f54000 	C:\Windows\SYSTEM32\WINMM.dll
0x00007ffe08170000 - 0x00007ffe081df000 	C:\Windows\System32\WS2_32.dll
0x00007ffe000b0000 - 0x00007ffe000ba000 	C:\Windows\SYSTEM32\VERSION.dll
0x00007ffe01f00000 - 0x00007ffe01f2d000 	C:\Windows\SYSTEM32\WINMMBASE.dll
0x00007ffe06050000 - 0x00007ffe0609a000 	C:\Windows\System32\cfgmgr32.dll
0x00007ffe013f0000 - 0x00007ffe013ff000 	C:\Program Files\Android\Android Studio\jre\jre\bin\verify.dll
0x00007ffdfcde0000 - 0x00007ffdfce09000 	C:\Program Files\Android\Android Studio\jre\jre\bin\java.dll
0x00007ffdfc680000 - 0x00007ffdfc696000 	C:\Program Files\Android\Android Studio\jre\jre\bin\zip.dll
0x00007ffe06500000 - 0x00007ffe06be5000 	C:\Windows\System32\SHELL32.dll
0x00007ffe06450000 - 0x00007ffe064f9000 	C:\Windows\System32\shcore.dll
0x00007ffe05430000 - 0x00007ffe05baf000 	C:\Windows\System32\windows.storage.dll
0x00007ffe05280000 - 0x00007ffe0529f000 	C:\Windows\System32\profapi.dll
0x00007ffe052a0000 - 0x00007ffe052ea000 	C:\Windows\System32\powrprof.dll
0x00007ffe05270000 - 0x00007ffe05280000 	C:\Windows\System32\UMPDC.dll
0x00007ffe07b40000 - 0x00007ffe07b92000 	C:\Windows\System32\shlwapi.dll
0x00007ffe052f0000 - 0x00007ffe05301000 	C:\Windows\System32\kernel.appcore.dll
0x00007ffe061b0000 - 0x00007ffe061c7000 	C:\Windows\System32\cryptsp.dll
0x00007ffdfc660000 - 0x00007ffdfc67a000 	C:\Program Files\Android\Android Studio\jre\jre\bin\net.dll
0x00007ffdfc060000 - 0x00007ffdfc236000 	C:\Windows\SYSTEM32\urlmon.dll
0x00007ffdf6250000 - 0x00007ffdf64f6000 	C:\Windows\SYSTEM32\iertutil.dll
0x00007ffe04cb0000 - 0x00007ffe04cbc000 	C:\Windows\SYSTEM32\CRYPTBASE.DLL
0x00007ffe04ae0000 - 0x00007ffe04b47000 	C:\Windows\system32\mswsock.dll
0x00007ffdfc640000 - 0x00007ffdfc653000 	C:\Program Files\Android\Android Studio\jre\jre\bin\nio.dll
0x00007ffdf34c0000 - 0x00007ffdf34e6000 	C:\Users\Irfani\.gradle\native\30\windows-amd64\native-platform.dll
0x00007ffe013e0000 - 0x00007ffe013ed000 	C:\Program Files\Android\Android Studio\jre\jre\bin\management.dll
0x00007ffe04650000 - 0x00007ffe04683000 	C:\Windows\system32\rsaenh.dll
0x00007ffe060a0000 - 0x00007ffe060c6000 	C:\Windows\System32\bcrypt.dll
0x00007ffe05190000 - 0x00007ffe051b5000 	C:\Windows\SYSTEM32\USERENV.dll
0x00007ffe047f0000 - 0x00007ffe0482a000 	C:\Windows\SYSTEM32\IPHLPAPI.DLL
0x00007ffe07cb0000 - 0x00007ffe07cb8000 	C:\Windows\System32\NSI.dll
0x00007ffdff380000 - 0x00007ffdff396000 	C:\Windows\SYSTEM32\dhcpcsvc6.DLL
0x00007ffdff540000 - 0x00007ffdff55c000 	C:\Windows\SYSTEM32\dhcpcsvc.DLL
0x00007ffe04830000 - 0x00007ffe048fa000 	C:\Windows\SYSTEM32\DNSAPI.dll

VM Arguments:
jvm_args: -Xmx1536m -Dfile.encoding=windows-1252 -Duser.country=ID -Duser.language=en -Duser.variant 
java_command: org.gradle.launcher.daemon.bootstrap.GradleDaemon 5.6.4
java_class_path (initial): C:\Users\Irfani\.gradle\wrapper\dists\gradle-5.6.4-all\ankdp27end7byghfw1q2sw75f\gradle-5.6.4\lib\gradle-launcher-5.6.4.jar
Launcher Type: SUN_STANDARD

Environment Variables:
JAVA_HOME=C:\Program Files\Java\jdk1.8.0_241\bin
PATH=C:\Program Files (x86)\Common Files\Oracle\Java\javapath;C:\Windows\system32;C:\Windows;C:\Windows\System32\Wbem;C:\Windows\System32\WindowsPowerShell\v1.0\;C:\Windows\System32\OpenSSH\;C:\xampp\php;C:\ProgramData\ComposerSetup\bin;C:\Program Files\Java\jdk1.8.0_241\bin;C:\Program Files\nodejs\;C:\Program Files\Git\cmd;C:\Users\Irfani\AppData\Local\Microsoft\WindowsApps;C:\Users\Irfani\AppData\Roaming\Composer\vendor\bin;C:\Users\Irfani\AppData\Local\Programs\Microsoft VS Code\bin;C:\Users\Irfani\AppData\Roaming\npm;C:\Program Files\Java\jdk1.8.0_241\bin;
USERNAME=Irfani
OS=Windows_NT
PROCESSOR_IDENTIFIER=Intel64 Family 6 Model 142 Stepping 10, GenuineIntel



---------------  S Y S T E M  ---------------

OS: Windows 10.0 , 64 bit Build 18362 (10.0.18362.329)

CPU:total 8 (initial active 8) (4 cores per cpu, 2 threads per core) family 6 model 142 stepping 10, cmov, cx8, fxsr, mmx, sse, sse2, sse3, ssse3, sse4.1, sse4.2, popcnt, avx, avx2, aes, clmul, erms, 3dnowpref, lzcnt, ht, tsc, tscinvbit, bmi1, bmi2, adx

Memory: 4k page, physical 4068580k(780968k free), swap 4068580k(5392k free)

vm_info: OpenJDK 64-Bit Server VM (25.212-b04) for windows-amd64 JRE (1.8.0_212-release-1586-b04), built by "builder" with MS VC++ 10.0 (VS2010)

time: Thu Feb 27 22:40:01 2020
timezone: SE Asia Standard Time
elapsed time: 6 seconds (0d 0h 0m 6s)

