#
# There is insufficient memory for the Java Runtime Environment to continue.
# Native memory allocation (malloc) failed to allocate 79280 bytes for Chunk::new
# Possible reasons:
#   The system is out of physical RAM or swap space
#   The process is running with CompressedOops enabled, and the Java Heap may be blocking the growth of the native heap
# Possible solutions:
#   Reduce memory load on the system
#   Increase physical memory or swap space
#   Check if swap backing store is full
#   Decrease Java heap size (-Xmx/-Xms)
#   Decrease number of Java threads
#   Decrease Java thread stack sizes (-Xss)
#   Set larger code cache with -XX:ReservedCodeCacheSize=
#   JVM is running with Unscaled Compressed Oops mode in which the Java heap is
#     placed in the first 4GB address space. The Java Heap base address is the
#     maximum limit for the native heap growth. Please use -XX:HeapBaseMinAddress
#     to set the Java Heap base and to place the Java Heap above 4GB virtual address.
# This output file may be truncated or incomplete.
#
#  Out of Memory Error (allocation.cpp:389), pid=7000, tid=0x0000000000001d30
#
# JRE version: OpenJDK Runtime Environment (8.0_212-b04) (build 1.8.0_212-release-1586-b04)
# Java VM: OpenJDK 64-Bit Server VM (25.212-b04 mixed mode windows-amd64 compressed oops)
# Failed to write core dump. Minidumps are not enabled by default on client versions of Windows
#

---------------  T H R E A D  ---------------

Current thread (0x000000001640a800):  JavaThread "C2 CompilerThread2" daemon [_thread_in_native, id=7472, stack(0x0000000018cd0000,0x0000000018dd0000)]

Stack: [0x0000000018cd0000,0x0000000018dd0000]
[error occurred during error reporting (printing stack bounds), id 0xc0000005]

Native frames: (J=compiled Java code, j=interpreted, Vv=VM code, C=native code)


Current CompileTask:
C2:   6260 4732   !   4       com.sun.beans.TypeResolver::resolve (274 bytes)


---------------  P R O C E S S  ---------------

Java Threads: ( => current thread )
  0x0000000019b51000 JavaThread "Cache worker for Build Output Cleanup Cache (C:\Users\Irfani\AndroidStudioProjects\Project_Android\.gradle\buildOutputCleanup)" [_thread_blocked, id=9640, stack(0x0000000024800000,0x0000000024900000)]
  0x0000000019b58000 JavaThread "Build operations Thread 8" [_thread_blocked, id=8736, stack(0x0000000023f00000,0x0000000024000000)]
  0x0000000019b53800 JavaThread "Build operations Thread 7" [_thread_blocked, id=10208, stack(0x0000000023e00000,0x0000000023f00000)]
  0x0000000019b57000 JavaThread "Build operations Thread 6" [_thread_blocked, id=10192, stack(0x0000000023d00000,0x0000000023e00000)]
  0x0000000019b52800 JavaThread "Build operations Thread 5" [_thread_blocked, id=10164, stack(0x0000000023c00000,0x0000000023d00000)]
  0x0000000019b56800 JavaThread "Build operations Thread 4" [_thread_blocked, id=6768, stack(0x00000000238f0000,0x00000000239f0000)]
  0x0000000019b55800 JavaThread "Build operations Thread 3" [_thread_blocked, id=6136, stack(0x00000000237f0000,0x00000000238f0000)]
  0x0000000019b55000 JavaThread "Build operations Thread 2" [_thread_blocked, id=7044, stack(0x0000000022260000,0x0000000022360000)]
  0x0000000019b4d800 JavaThread "Build operations" [_thread_blocked, id=10156, stack(0x000000001f590000,0x000000001f690000)]
  0x0000000019b50800 JavaThread "Cache worker for execution history cache (C:\Users\Irfani\.gradle\caches\5.6.4\executionHistory)" [_thread_blocked, id=1108, stack(0x0000000022520000,0x0000000022620000)]
  0x0000000019b54000 JavaThread "Cache worker for cache directory md-rule (C:\Users\Irfani\.gradle\caches\5.6.4\md-rule)" [_thread_blocked, id=7592, stack(0x0000000022420000,0x0000000022520000)]
  0x0000000019b4f000 JavaThread "Cache worker for cache directory md-supplier (C:\Users\Irfani\.gradle\caches\5.6.4\md-supplier)" [_thread_blocked, id=1540, stack(0x0000000020b00000,0x0000000020c00000)]
  0x000000001ae67800 JavaThread "Cache worker for file hash cache (C:\Users\Irfani\AndroidStudioProjects\Project_Android\.gradle\5.6.4\fileHashes)" [_thread_blocked, id=3748, stack(0x000000001f290000,0x000000001f390000)]
  0x000000001ae67000 JavaThread "Cache worker for journal cache (C:\Users\Irfani\.gradle\caches\journal-1)" [_thread_blocked, id=9404, stack(0x000000001cdf0000,0x000000001cef0000)]
  0x000000001ae63800 JavaThread "File lock request listener" [_thread_in_native, id=8596, stack(0x000000001ccf0000,0x000000001cdf0000)]
  0x000000001ae98800 JavaThread "Cache worker for file hash cache (C:\Users\Irfani\.gradle\caches\5.6.4\fileHashes)" [_thread_blocked, id=8772, stack(0x000000001cbf0000,0x000000001ccf0000)]
  0x000000001ad67800 JavaThread "Thread-9" [_thread_blocked, id=6876, stack(0x000000001caf0000,0x000000001cbf0000)]
  0x000000001ad6d800 JavaThread "Stdin handler" [_thread_blocked, id=3740, stack(0x000000001c9f0000,0x000000001caf0000)]
  0x000000001ada5000 JavaThread "Asynchronous log dispatcher for DefaultDaemonConnection: socket connection from /127.0.0.1:50275 to /127.0.0.1:50276" [_thread_blocked, id=1312, stack(0x000000001c7f0000,0x000000001c8f0000)]
  0x000000001ada3000 JavaThread "Daemon worker" [_thread_in_vm, id=6392, stack(0x000000001c6f0000,0x000000001c7f0000)]
  0x000000001ad16000 JavaThread "Cancel handler" [_thread_blocked, id=8604, stack(0x000000001c5f0000,0x000000001c6f0000)]
  0x000000001ad04800 JavaThread "Handler for socket connection from /127.0.0.1:50275 to /127.0.0.1:50276" [_thread_in_native, id=9700, stack(0x000000001c2f0000,0x000000001c3f0000)]
  0x000000001ad00800 JavaThread "Daemon" [_thread_blocked, id=9684, stack(0x000000001c1f0000,0x000000001c2f0000)]
  0x000000001accd000 JavaThread "Daemon periodic checks" [_thread_blocked, id=6304, stack(0x000000001c0f0000,0x000000001c1f0000)]
  0x000000001accb000 JavaThread "Incoming local TCP Connector on port 50275" [_thread_in_native, id=5252, stack(0x000000001beb0000,0x000000001bfb0000)]
  0x000000001abf4800 JavaThread "Daemon health stats" [_thread_blocked, id=7560, stack(0x000000001b870000,0x000000001b970000)]
  0x000000001829b000 JavaThread "Service Thread" daemon [_thread_blocked, id=7556, stack(0x0000000018ed0000,0x0000000018fd0000)]
  0x0000000018207000 JavaThread "C1 CompilerThread3" daemon [_thread_blocked, id=2824, stack(0x0000000018dd0000,0x0000000018ed0000)]
=>0x000000001640a800 JavaThread "C2 CompilerThread2" daemon [_thread_in_native, id=7472, stack(0x0000000018cd0000,0x0000000018dd0000)]
  0x0000000018205000 JavaThread "C2 CompilerThread1" daemon [_thread_in_native, id=1984, stack(0x0000000018bd0000,0x0000000018cd0000)]
  0x00000000181fe000 JavaThread "C2 CompilerThread0" daemon [_thread_blocked, id=7588, stack(0x0000000018ad0000,0x0000000018bd0000)]
  0x00000000181fd000 JavaThread "Attach Listener" daemon [_thread_blocked, id=4064, stack(0x00000000189d0000,0x0000000018ad0000)]
  0x00000000181fa000 JavaThread "Signal Dispatcher" daemon [_thread_blocked, id=8508, stack(0x00000000188d0000,0x00000000189d0000)]
  0x00000000181f0800 JavaThread "Finalizer" daemon [_thread_blocked, id=8664, stack(0x00000000186d0000,0x00000000187d0000)]
  0x0000000002636800 JavaThread "Reference Handler" daemon [_thread_blocked, id=8436, stack(0x00000000185d0000,0x00000000186d0000)]
  0x000000000240e000 JavaThread "main" [_thread_blocked, id=964, stack(0x0000000002440000,0x0000000002540000)]

Other Threads:
  0x00000000163f8000 VMThread [stack: 0x00000000180d0000,0x00000000181d0000] [id=10236]
  0x000000001829c000 WatcherThread [stack: 0x0000000018fd0000,0x00000000190d0000] [id=2284]

VM state:not at safepoint (normal execution)

VM Mutex/Monitor currently owned by a thread: None

heap address: 0x00000000a0000000, size: 1536 MB, Compressed Oops mode: 32-bit
Narrow klass base: 0x0000000000000000, Narrow klass shift: 3
Compressed class space size: 1073741824 Address: 0x0000000100000000

Heap:
 PSYoungGen      total 70656K, used 8740K [0x00000000e0000000, 0x00000000e4e00000, 0x0000000100000000)
  eden space 64512K, 4% used [0x00000000e0000000,0x00000000e028ed00,0x00000000e3f00000)
  from space 6144K, 99% used [0x00000000e4600000,0x00000000e4bfa6b8,0x00000000e4c00000)
  to   space 7168K, 0% used [0x00000000e3f00000,0x00000000e3f00000,0x00000000e4600000)
 ParOldGen       total 50176K, used 28487K [0x00000000a0000000, 0x00000000a3100000, 0x00000000e0000000)
  object space 50176K, 56% used [0x00000000a0000000,0x00000000a1bd1d50,0x00000000a3100000)
 Metaspace       used 53073K, capacity 54842K, committed 54952K, reserved 1097728K
  class space    used 7064K, capacity 7495K, committed 7592K, reserved 1048576K

Card table byte_map: [0x0000000011a00000,0x0000000011d10000] byte_map_base: 0x0000000011500000

Marking Bits: (ParMarkBitMap*) 0x0000000062fc9f30
 Begin Bits: [0x0000000012710000, 0x0000000013f10000)
 End Bits:   [0x0000000013f10000, 0x0000000015710000)

Polling page: 0x0000000000b70000

CodeCache: size=245760Kb used=15220Kb max_used=15411Kb free=230539Kb
 bounds [0x0000000002640000, 0x0000000003560000, 0x0000000011640000]
 total_blobs=5201 nmethods=4409 adapters=705
 compilation: enabled

Compilation events (10 events):
Event: 6.254 Thread 0x0000000018207000 4916       3       org.gradle.internal.logging.services.ProgressLoggingBridge::started (11 bytes)
Event: 6.254 Thread 0x0000000018207000 nmethod 4916 0x0000000002cad990 code [0x0000000002cadb00, 0x0000000002cadd28]
Event: 6.254 Thread 0x0000000018207000 4917       3       org.gradle.internal.operations.DefaultBuildOperationIdFactory::nextId (8 bytes)
Event: 6.254 Thread 0x0000000018207000 nmethod 4917 0x00000000032fde10 code [0x00000000032fdf80, 0x00000000032fe1d0]
Event: 6.254 Thread 0x0000000018207000 4918       3       org.gradle.internal.operations.OperationIdentifier::<init> (26 bytes)
Event: 6.254 Thread 0x0000000018207000 nmethod 4918 0x0000000002b5d510 code [0x0000000002b5d6a0, 0x0000000002b5dae8]
Event: 6.254 Thread 0x0000000018207000 4911       1       java.lang.invoke.MethodHandleImpl$IntrinsicMethodHandle::getTarget (5 bytes)
Event: 6.254 Thread 0x0000000018207000 nmethod 4911 0x0000000002f99bd0 code [0x0000000002f99d20, 0x0000000002f99e30]
Event: 6.254 Thread 0x0000000018207000 4919       1       org.gradle.api.internal.DefaultNamedDomainObjectCollection$AbstractNamedDomainObjectProvider::getName (5 bytes)
Event: 6.254 Thread 0x0000000018207000 nmethod 4919 0x0000000003271a90 code [0x0000000003271be0, 0x0000000003271cf0]

GC Heap History (10 events):
Event: 4.136 GC heap before
{Heap before GC invocations=12 (full 1):
 PSYoungGen      total 70656K, used 8453K [0x00000000e0000000, 0x00000000e4e00000, 0x0000000100000000)
  eden space 64512K, 3% used [0x00000000e0000000,0x00000000e02484e0,0x00000000e3f00000)
  from space 6144K, 99% used [0x00000000e4600000,0x00000000e4bf90a0,0x00000000e4c00000)
  to   space 7168K, 0% used [0x00000000e3f00000,0x00000000e3f00000,0x00000000e4600000)
 ParOldGen       total 40448K, used 20050K [0x00000000a0000000, 0x00000000a2780000, 0x00000000e0000000)
  object space 40448K, 49% used [0x00000000a0000000,0x00000000a1394808,0x00000000a2780000)
 Metaspace       used 34714K, capacity 35414K, committed 35496K, reserved 1079296K
  class space    used 4787K, capacity 4994K, committed 5032K, reserved 1048576K
Event: 4.142 GC heap after
Heap after GC invocations=12 (full 1):
 PSYoungGen      total 71680K, used 288K [0x00000000e0000000, 0x00000000e4e00000, 0x0000000100000000)
  eden space 64512K, 0% used [0x00000000e0000000,0x00000000e0000000,0x00000000e3f00000)
  from space 7168K, 4% used [0x00000000e3f00000,0x00000000e3f48000,0x00000000e4600000)
  to   space 6144K, 0% used [0x00000000e4600000,0x00000000e4600000,0x00000000e4c00000)
 ParOldGen       total 40448K, used 25661K [0x00000000a0000000, 0x00000000a2780000, 0x00000000e0000000)
  object space 40448K, 63% used [0x00000000a0000000,0x00000000a190f788,0x00000000a2780000)
 Metaspace       used 34714K, capacity 35414K, committed 35496K, reserved 1079296K
  class space    used 4787K, capacity 4994K, committed 5032K, reserved 1048576K
}
Event: 4.142 GC heap before
{Heap before GC invocations=13 (full 2):
 PSYoungGen      total 71680K, used 288K [0x00000000e0000000, 0x00000000e4e00000, 0x0000000100000000)
  eden space 64512K, 0% used [0x00000000e0000000,0x00000000e0000000,0x00000000e3f00000)
  from space 7168K, 4% used [0x00000000e3f00000,0x00000000e3f48000,0x00000000e4600000)
  to   space 6144K, 0% used [0x00000000e4600000,0x00000000e4600000,0x00000000e4c00000)
 ParOldGen       total 40448K, used 25661K [0x00000000a0000000, 0x00000000a2780000, 0x00000000e0000000)
  object space 40448K, 63% used [0x00000000a0000000,0x00000000a190f788,0x00000000a2780000)
 Metaspace       used 34714K, capacity 35414K, committed 35496K, reserved 1079296K
  class space    used 4787K, capacity 4994K, committed 5032K, reserved 1048576K
Event: 4.201 GC heap after
Heap after GC invocations=13 (full 2):
 PSYoungGen      total 71680K, used 0K [0x00000000e0000000, 0x00000000e4e00000, 0x0000000100000000)
  eden space 64512K, 0% used [0x00000000e0000000,0x00000000e0000000,0x00000000e3f00000)
  from space 7168K, 0% used [0x00000000e3f00000,0x00000000e3f00000,0x00000000e4600000)
  to   space 6144K, 0% used [0x00000000e4600000,0x00000000e4600000,0x00000000e4c00000)
 ParOldGen       total 50176K, used 15776K [0x00000000a0000000, 0x00000000a3100000, 0x00000000e0000000)
  object space 50176K, 31% used [0x00000000a0000000,0x00000000a0f683c8,0x00000000a3100000)
 Metaspace       used 34714K, capacity 35414K, committed 35496K, reserved 1079296K
  class space    used 4787K, capacity 4994K, committed 5032K, reserved 1048576K
}
Event: 5.013 GC heap before
{Heap before GC invocations=14 (full 2):
 PSYoungGen      total 71680K, used 64512K [0x00000000e0000000, 0x00000000e4e00000, 0x0000000100000000)
  eden space 64512K, 100% used [0x00000000e0000000,0x00000000e3f00000,0x00000000e3f00000)
  from space 7168K, 0% used [0x00000000e3f00000,0x00000000e3f00000,0x00000000e4600000)
  to   space 6144K, 0% used [0x00000000e4600000,0x00000000e4600000,0x00000000e4c00000)
 ParOldGen       total 50176K, used 15776K [0x00000000a0000000, 0x00000000a3100000, 0x00000000e0000000)
  object space 50176K, 31% used [0x00000000a0000000,0x00000000a0f683c8,0x00000000a3100000)
 Metaspace       used 40776K, capacity 41940K, committed 42152K, reserved 1085440K
  class space    used 5521K, capacity 5776K, committed 5800K, reserved 1048576K
Event: 5.019 GC heap after
Heap after GC invocations=14 (full 2):
 PSYoungGen      total 70656K, used 6117K [0x00000000e0000000, 0x00000000e4e00000, 0x0000000100000000)
  eden space 64512K, 0% used [0x00000000e0000000,0x00000000e0000000,0x00000000e3f00000)
  from space 6144K, 99% used [0x00000000e4600000,0x00000000e4bf95c0,0x00000000e4c00000)
  to   space 7168K, 0% used [0x00000000e3f00000,0x00000000e3f00000,0x00000000e4600000)
 ParOldGen       total 50176K, used 17713K [0x00000000a0000000, 0x00000000a3100000, 0x00000000e0000000)
  object space 50176K, 35% used [0x00000000a0000000,0x00000000a114c660,0x00000000a3100000)
 Metaspace       used 40776K, capacity 41940K, committed 42152K, reserved 1085440K
  class space    used 5521K, capacity 5776K, committed 5800K, reserved 1048576K
}
Event: 5.528 GC heap before
{Heap before GC invocations=15 (full 2):
 PSYoungGen      total 70656K, used 70629K [0x00000000e0000000, 0x00000000e4e00000, 0x0000000100000000)
  eden space 64512K, 100% used [0x00000000e0000000,0x00000000e3f00000,0x00000000e3f00000)
  from space 6144K, 99% used [0x00000000e4600000,0x00000000e4bf95c0,0x00000000e4c00000)
  to   space 7168K, 0% used [0x00000000e3f00000,0x00000000e3f00000,0x00000000e4600000)
 ParOldGen       total 50176K, used 17713K [0x00000000a0000000, 0x00000000a3100000, 0x00000000e0000000)
  object space 50176K, 35% used [0x00000000a0000000,0x00000000a114c660,0x00000000a3100000)
 Metaspace       used 47103K, capacity 48462K, committed 48680K, reserved 1091584K
  class space    used 6291K, capacity 6612K, committed 6696K, reserved 1048576K
Event: 5.539 GC heap after
Heap after GC invocations=15 (full 2):
 PSYoungGen      total 71680K, used 7163K [0x00000000e0000000, 0x00000000e4e00000, 0x0000000100000000)
  eden space 64512K, 0% used [0x00000000e0000000,0x00000000e0000000,0x00000000e3f00000)
  from space 7168K, 99% used [0x00000000e3f00000,0x00000000e45fec88,0x00000000e4600000)
  to   space 6144K, 0% used [0x00000000e4600000,0x00000000e4600000,0x00000000e4c00000)
 ParOldGen       total 50176K, used 22589K [0x00000000a0000000, 0x00000000a3100000, 0x00000000e0000000)
  object space 50176K, 45% used [0x00000000a0000000,0x00000000a160f500,0x00000000a3100000)
 Metaspace       used 47103K, capacity 48462K, committed 48680K, reserved 1091584K
  class space    used 6291K, capacity 6612K, committed 6696K, reserved 1048576K
}
Event: 6.216 GC heap before
{Heap before GC invocations=16 (full 2):
 PSYoungGen      total 71680K, used 71675K [0x00000000e0000000, 0x00000000e4e00000, 0x0000000100000000)
  eden space 64512K, 100% used [0x00000000e0000000,0x00000000e3f00000,0x00000000e3f00000)
  from space 7168K, 99% used [0x00000000e3f00000,0x00000000e45fec88,0x00000000e4600000)
  to   space 6144K, 0% used [0x00000000e4600000,0x00000000e4600000,0x00000000e4c00000)
 ParOldGen       total 50176K, used 22589K [0x00000000a0000000, 0x00000000a3100000, 0x00000000e0000000)
  object space 50176K, 45% used [0x00000000a0000000,0x00000000a160f500,0x00000000a3100000)
 Metaspace       used 52838K, capacity 54498K, committed 54568K, reserved 1095680K
  class space    used 7019K, capacity 7409K, committed 7464K, reserved 1048576K
Event: 6.231 GC heap after
Heap after GC invocations=16 (full 2):
 PSYoungGen      total 70656K, used 6121K [0x00000000e0000000, 0x00000000e4e00000, 0x0000000100000000)
  eden space 64512K, 0% used [0x00000000e0000000,0x00000000e0000000,0x00000000e3f00000)
  from space 6144K, 99% used [0x00000000e4600000,0x00000000e4bfa6b8,0x00000000e4c00000)
  to   space 7168K, 0% used [0x00000000e3f00000,0x00000000e3f00000,0x00000000e4600000)
 ParOldGen       total 50176K, used 28487K [0x00000000a0000000, 0x00000000a3100000, 0x00000000e0000000)
  object space 50176K, 56% used [0x00000000a0000000,0x00000000a1bd1d50,0x00000000a3100000)
 Metaspace       used 52838K, capacity 54498K, committed 54568K, reserved 1095680K
  class space    used 7019K, capacity 7409K, committed 7464K, reserved 1048576K
}

Deoptimization events (10 events):
Event: 5.589 Thread 0x000000001ada3000 Uncommon trap: reason=unstable_if action=reinterpret pc=0x0000000003037628 method=java.lang.ClassValue.match(Ljava/lang/ClassValue$Entry;)Z @ 12
Event: 5.589 Thread 0x000000001ada3000 Uncommon trap: reason=unstable_if action=reinterpret pc=0x0000000002fb4350 method=java.lang.ClassValue.match(Ljava/lang/ClassValue$Entry;)Z @ 12
Event: 5.800 Thread 0x000000001ada3000 Uncommon trap: reason=unstable_if action=reinterpret pc=0x0000000002819370 method=org.gradle.internal.reflect.PropertyAccessorType.of(Ljava/lang/reflect/Method;)Lorg/gradle/internal/reflect/PropertyAccessorType; @ 56
Event: 5.949 Thread 0x000000001ada3000 Uncommon trap: reason=speculate_class_check action=maybe_recompile pc=0x00000000031a7ce8 method=com.google.common.collect.AbstractIndexedListIterator.next()Ljava/lang/Object; @ 27
Event: 5.949 Thread 0x000000001ada3000 Uncommon trap: reason=speculate_class_check action=maybe_recompile pc=0x00000000031a7ce8 method=com.google.common.collect.AbstractIndexedListIterator.next()Ljava/lang/Object; @ 27
Event: 5.949 Thread 0x000000001ada3000 Uncommon trap: reason=speculate_class_check action=maybe_recompile pc=0x00000000031a7ce8 method=com.google.common.collect.AbstractIndexedListIterator.next()Ljava/lang/Object; @ 27
Event: 5.949 Thread 0x000000001ada3000 Uncommon trap: reason=speculate_class_check action=maybe_recompile pc=0x00000000031a7ce8 method=com.google.common.collect.AbstractIndexedListIterator.next()Ljava/lang/Object; @ 27
Event: 5.959 Thread 0x000000001ada3000 Uncommon trap: reason=unstable_if action=reinterpret pc=0x00000000033f1170 method=org.gradle.internal.instantiation.AbstractClassGenerator$InjectionAnnotationValidator.validateMethod(Ljava/lang/reflect/Method;Lorg/gradle/internal/reflect/PropertyAccessorT
Event: 5.959 Thread 0x000000001ada3000 Uncommon trap: reason=unstable_if action=reinterpret pc=0x00000000033f24fc method=org.gradle.internal.instantiation.AbstractClassGenerator$InjectionAnnotationValidator.validateMethod(Ljava/lang/reflect/Method;Lorg/gradle/internal/reflect/PropertyAccessorT
Event: 6.037 Thread 0x000000001ada3000 Uncommon trap: reason=class_check action=maybe_recompile pc=0x000000000277f300 method=java.lang.Throwable.<init>(Ljava/lang/String;Ljava/lang/Throwable;)V @ 24

Classes redefined (0 events):
No events

Internal exceptions (10 events):
Event: 6.028 Thread 0x000000001ada3000 Exception <a 'java/lang/ClassNotFoundException': org/gradle/api/internal/file/AbstractFileCollectionBeanInfo> (0x00000000e3051310) thrown at [D:\src\AOSP-openjdk-cygwin\jdk8u\hotspot\src\share\vm\classfile\systemDictionary.cpp, line 210]
Event: 6.029 Thread 0x000000001ada3000 Exception <a 'java/lang/ClassNotFoundException': org/gradle/api/internal/file/AbstractFileCollectionCustomizer> (0x00000000e308ec78) thrown at [D:\src\AOSP-openjdk-cygwin\jdk8u\hotspot\src\share\vm\classfile\systemDictionary.cpp, line 210]
Event: 6.030 Thread 0x000000001ada3000 Exception <a 'java/lang/ClassNotFoundException': org/gradle/api/internal/file/CompositeFileCollectionCustomizer> (0x00000000e30dc5e8) thrown at [D:\src\AOSP-openjdk-cygwin\jdk8u\hotspot\src\share\vm\classfile\systemDictionary.cpp, line 210]
Event: 6.031 Thread 0x000000001ada3000 Exception <a 'java/lang/ClassNotFoundException': org/gradle/api/internal/file/CompositeFileTreeCustomizer> (0x00000000e3126e78) thrown at [D:\src\AOSP-openjdk-cygwin\jdk8u\hotspot\src\share\vm\classfile\systemDictionary.cpp, line 210]
Event: 6.032 Thread 0x000000001ada3000 Exception <a 'java/lang/ClassNotFoundException': org/gradle/api/internal/file/collections/DefaultConfigurableFileTreeCustomizer> (0x00000000e317bce0) thrown at [D:\src\AOSP-openjdk-cygwin\jdk8u\hotspot\src\share\vm\classfile\systemDictionary.cpp, line 210
Event: 6.174 Thread 0x000000001ada3000 Exception <a 'java/lang/ClassNotFoundException': org/gradle/api/plugins/internal/DefaultBasePluginConventionBeanInfo> (0x00000000e3bc3db0) thrown at [D:\src\AOSP-openjdk-cygwin\jdk8u\hotspot\src\share\vm\classfile\systemDictionary.cpp, line 210]
Event: 6.175 Thread 0x000000001ada3000 Exception <a 'java/lang/ClassNotFoundException': org/gradle/api/plugins/BasePluginConventionBeanInfo> (0x00000000e3bee470) thrown at [D:\src\AOSP-openjdk-cygwin\jdk8u\hotspot\src\share\vm\classfile\systemDictionary.cpp, line 210]
Event: 6.175 Thread 0x000000001ada3000 Exception <a 'java/lang/ClassNotFoundException': org/gradle/api/plugins/BasePluginConventionCustomizer> (0x00000000e3c19210) thrown at [D:\src\AOSP-openjdk-cygwin\jdk8u\hotspot\src\share\vm\classfile\systemDictionary.cpp, line 210]
Event: 6.176 Thread 0x000000001ada3000 Exception <a 'java/lang/ClassNotFoundException': org/gradle/api/plugins/internal/DefaultBasePluginConventionCustomizer> (0x00000000e3c5dfe0) thrown at [D:\src\AOSP-openjdk-cygwin\jdk8u\hotspot\src\share\vm\classfile\systemDictionary.cpp, line 210]
Event: 6.182 Thread 0x000000001ada3000 Exception <a 'java/lang/NoSuchMethodError': java.lang.Object.lambda$comparingInt$7b0bb60$1(Ljava/util/function/ToIntFunction;Ljava/lang/Object;Ljava/lang/Object;)I> (0x00000000e3ce4dd0) thrown at [D:\src\AOSP-openjdk-cygwin\jdk8u\hotspot\src\share\vm\inte

Events (10 events):
Event: 6.257 loading class org/gradle/api/Action
Event: 6.257 loading class org/gradle/api/Action done
Event: 6.258 loading class org/gradle/api/artifacts/component/ComponentIdentifier
Event: 6.258 loading class org/gradle/api/artifacts/component/ComponentIdentifier done
Event: 6.258 loading class org/gradle/api/specs/Spec
Event: 6.258 loading class org/gradle/api/specs/Spec done
Event: 6.258 loading class com/android/build/gradle/internal/dependency/ProvidedClasspath
Event: 6.258 loading class com/android/build/gradle/internal/dependency/ProvidedClasspath done
Event: 6.259 loading class com/android/build/gradle/internal/dependency/ProvidedClasspathSubtractor
Event: 6.259 loading class com/android/build/gradle/internal/dependency/ProvidedClasspathSubtractor done


Dynamic libraries:
0x00007ff70db10000 - 0x00007ff70db41000 	C:\Program Files\Android\Android Studio\jre\bin\java.exe
0x00007ffe083a0000 - 0x00007ffe08590000 	C:\Windows\SYSTEM32\ntdll.dll
0x00007ffe06e20000 - 0x00007ffe06ed2000 	C:\Windows\System32\KERNEL32.DLL
0x00007ffe05da0000 - 0x00007ffe06043000 	C:\Windows\System32\KERNELBASE.dll
0x00007ffe07c00000 - 0x00007ffe07ca3000 	C:\Windows\System32\ADVAPI32.dll
0x00007ffe07d30000 - 0x00007ffe07dce000 	C:\Windows\System32\msvcrt.dll
0x00007ffe07300000 - 0x00007ffe07397000 	C:\Windows\System32\sechost.dll
0x00007ffe073a0000 - 0x00007ffe074c0000 	C:\Windows\System32\RPCRT4.dll
0x00007ffe06ee0000 - 0x00007ffe07074000 	C:\Windows\System32\USER32.dll
0x00007ffe06280000 - 0x00007ffe062a1000 	C:\Windows\System32\win32u.dll
0x00007ffe07130000 - 0x00007ffe07156000 	C:\Windows\System32\GDI32.dll
0x00007ffe062b0000 - 0x00007ffe06444000 	C:\Windows\System32\gdi32full.dll
0x00007ffe05d00000 - 0x00007ffe05d9e000 	C:\Windows\System32\msvcp_win.dll
0x00007ffe05330000 - 0x00007ffe0542a000 	C:\Windows\System32\ucrtbase.dll
0x00007ffdf0cd0000 - 0x00007ffdf0f55000 	C:\Windows\WinSxS\amd64_microsoft.windows.common-controls_6595b64144ccf1df_6.0.18362.657_none_e6c5b579130e3898\COMCTL32.dll
0x00007ffe07dd0000 - 0x00007ffe08106000 	C:\Windows\System32\combase.dll
0x00007ffe060d0000 - 0x00007ffe06150000 	C:\Windows\System32\bcryptPrimitives.dll
0x00007ffe07a70000 - 0x00007ffe07a9e000 	C:\Windows\System32\IMM32.DLL
0x0000000062720000 - 0x00000000627f2000 	C:\Program Files\Android\Android Studio\jre\jre\bin\msvcr100.dll
0x0000000062800000 - 0x0000000063046000 	C:\Program Files\Android\Android Studio\jre\jre\bin\server\jvm.dll
0x00007ffe07b30000 - 0x00007ffe07b38000 	C:\Windows\System32\PSAPI.DLL
0x00007ffe01f30000 - 0x00007ffe01f54000 	C:\Windows\SYSTEM32\WINMM.dll
0x00007ffe000b0000 - 0x00007ffe000ba000 	C:\Windows\SYSTEM32\VERSION.dll
0x00007ffe020c0000 - 0x00007ffe020c9000 	C:\Windows\SYSTEM32\WSOCK32.dll
0x00007ffe08170000 - 0x00007ffe081df000 	C:\Windows\System32\WS2_32.dll
0x00007ffe01f00000 - 0x00007ffe01f2d000 	C:\Windows\SYSTEM32\winmmbase.dll
0x00007ffe06050000 - 0x00007ffe0609a000 	C:\Windows\System32\cfgmgr32.dll
0x00007ffe013f0000 - 0x00007ffe013ff000 	C:\Program Files\Android\Android Studio\jre\jre\bin\verify.dll
0x00007ffdfcde0000 - 0x00007ffdfce09000 	C:\Program Files\Android\Android Studio\jre\jre\bin\java.dll
0x00007ffdfc680000 - 0x00007ffdfc696000 	C:\Program Files\Android\Android Studio\jre\jre\bin\zip.dll
0x00007ffe06500000 - 0x00007ffe06be5000 	C:\Windows\System32\SHELL32.dll
0x00007ffe06450000 - 0x00007ffe064f9000 	C:\Windows\System32\shcore.dll
0x00007ffe05430000 - 0x00007ffe05baf000 	C:\Windows\System32\windows.storage.dll
0x00007ffe05280000 - 0x00007ffe0529f000 	C:\Windows\System32\profapi.dll
0x00007ffe052a0000 - 0x00007ffe052ea000 	C:\Windows\System32\powrprof.dll
0x00007ffe05270000 - 0x00007ffe05280000 	C:\Windows\System32\UMPDC.dll
0x00007ffe07b40000 - 0x00007ffe07b92000 	C:\Windows\System32\shlwapi.dll
0x00007ffe052f0000 - 0x00007ffe05301000 	C:\Windows\System32\kernel.appcore.dll
0x00007ffe061b0000 - 0x00007ffe061c7000 	C:\Windows\System32\cryptsp.dll
0x00007ffdfc660000 - 0x00007ffdfc67a000 	C:\Program Files\Android\Android Studio\jre\jre\bin\net.dll
0x00007ffdfc060000 - 0x00007ffdfc236000 	C:\Windows\SYSTEM32\urlmon.dll
0x00007ffdf6250000 - 0x00007ffdf64f6000 	C:\Windows\SYSTEM32\iertutil.dll
0x00007ffe04cb0000 - 0x00007ffe04cbc000 	C:\Windows\SYSTEM32\CRYPTBASE.DLL
0x00007ffe04ae0000 - 0x00007ffe04b47000 	C:\Windows\system32\mswsock.dll
0x00007ffdfc640000 - 0x00007ffdfc653000 	C:\Program Files\Android\Android Studio\jre\jre\bin\nio.dll
0x00007ffdf34c0000 - 0x00007ffdf34e6000 	C:\Users\Irfani\.gradle\native\30\windows-amd64\native-platform.dll
0x00007ffe013e0000 - 0x00007ffe013ed000 	C:\Program Files\Android\Android Studio\jre\jre\bin\management.dll
0x00007ffe04650000 - 0x00007ffe04683000 	C:\Windows\system32\rsaenh.dll
0x00007ffe060a0000 - 0x00007ffe060c6000 	C:\Windows\System32\bcrypt.dll
0x00007ffe05190000 - 0x00007ffe051b5000 	C:\Windows\SYSTEM32\USERENV.dll
0x00007ffe047f0000 - 0x00007ffe0482a000 	C:\Windows\SYSTEM32\IPHLPAPI.DLL
0x00007ffe07cb0000 - 0x00007ffe07cb8000 	C:\Windows\System32\NSI.dll
0x00007ffdff380000 - 0x00007ffdff396000 	C:\Windows\SYSTEM32\dhcpcsvc6.DLL
0x00007ffdff540000 - 0x00007ffdff55c000 	C:\Windows\SYSTEM32\dhcpcsvc.DLL
0x00007ffe04830000 - 0x00007ffe048fa000 	C:\Windows\SYSTEM32\DNSAPI.dll

VM Arguments:
jvm_args: -Xmx1536m -Dfile.encoding=windows-1252 -Duser.country=ID -Duser.language=en -Duser.variant 
java_command: org.gradle.launcher.daemon.bootstrap.GradleDaemon 5.6.4
java_class_path (initial): C:\Users\Irfani\.gradle\wrapper\dists\gradle-5.6.4-all\ankdp27end7byghfw1q2sw75f\gradle-5.6.4\lib\gradle-launcher-5.6.4.jar
Launcher Type: SUN_STANDARD

Environment Variables:
JAVA_HOME=C:\Program Files\Java\jdk1.8.0_241\bin
PATH=C:\Program Files (x86)\Common Files\Oracle\Java\javapath;C:\Windows\system32;C:\Windows;C:\Windows\System32\Wbem;C:\Windows\System32\WindowsPowerShell\v1.0\;C:\Windows\System32\OpenSSH\;C:\xampp\php;C:\ProgramData\ComposerSetup\bin;C:\Program Files\Java\jdk1.8.0_241\bin;C:\Program Files\nodejs\;C:\Program Files\Git\cmd;C:\Users\Irfani\AppData\Local\Microsoft\WindowsApps;C:\Users\Irfani\AppData\Roaming\Composer\vendor\bin;C:\Users\Irfani\AppData\Local\Programs\Microsoft VS Code\bin;C:\Users\Irfani\AppData\Roaming\npm;C:\Program Files\Java\jdk1.8.0_241\bin;
USERNAME=Irfani
OS=Windows_NT
PROCESSOR_IDENTIFIER=Intel64 Family 6 Model 142 Stepping 10, GenuineIntel



---------------  S Y S T E M  ---------------

OS: Windows 10.0 , 64 bit Build 18362 (10.0.18362.329)

CPU:total 8 (initial active 8) (4 cores per cpu, 2 threads per core) family 6 model 142 stepping 10, cmov, cx8, fxsr, mmx, sse, sse2, sse3, ssse3, sse4.1, sse4.2, popcnt, avx, avx2, aes, clmul, erms, 3dnowpref, lzcnt, ht, tsc, tscinvbit, bmi1, bmi2, adx

Memory: 4k page, physical 4068580k(824776k free), swap 4068580k(5156k free)

vm_info: OpenJDK 64-Bit Server VM (25.212-b04) for windows-amd64 JRE (1.8.0_212-release-1586-b04), built by "builder" with MS VC++ 10.0 (VS2010)

time: Thu Feb 27 22:41:03 2020
timezone: SE Asia Standard Time
elapsed time: 6 seconds (0d 0h 0m 6s)

