#
# There is insufficient memory for the Java Runtime Environment to continue.
# Native memory allocation (malloc) failed to allocate 119216 bytes for Chunk::new
# Possible reasons:
#   The system is out of physical RAM or swap space
#   The process is running with CompressedOops enabled, and the Java Heap may be blocking the growth of the native heap
# Possible solutions:
#   Reduce memory load on the system
#   Increase physical memory or swap space
#   Check if swap backing store is full
#   Decrease Java heap size (-Xmx/-Xms)
#   Decrease number of Java threads
#   Decrease Java thread stack sizes (-Xss)
#   Set larger code cache with -XX:ReservedCodeCacheSize=
#   JVM is running with Unscaled Compressed Oops mode in which the Java heap is
#     placed in the first 4GB address space. The Java Heap base address is the
#     maximum limit for the native heap growth. Please use -XX:HeapBaseMinAddress
#     to set the Java Heap base and to place the Java Heap above 4GB virtual address.
# This output file may be truncated or incomplete.
#
#  Out of Memory Error (allocation.cpp:389), pid=7736, tid=0x00000000000006e8
#
# JRE version: OpenJDK Runtime Environment (8.0_212-b04) (build 1.8.0_212-release-1586-b04)
# Java VM: OpenJDK 64-Bit Server VM (25.212-b04 mixed mode windows-amd64 compressed oops)
# Failed to write core dump. Minidumps are not enabled by default on client versions of Windows
#

---------------  T H R E A D  ---------------

Current thread (0x00000000182e1000):  JavaThread "C2 CompilerThread1" daemon [_thread_in_native, id=1768, stack(0x0000000018cb0000,0x0000000018db0000)]

Stack: [0x0000000018cb0000,0x0000000018db0000]
[error occurred during error reporting (printing stack bounds), id 0xc0000005]

Native frames: (J=compiled Java code, j=interpreted, Vv=VM code, C=native code)


Current CompileTask:
C2:   7091 4758       4       org.objectweb.asm.MethodWriter::computeAllFrames (510 bytes)


---------------  P R O C E S S  ---------------

Java Threads: ( => current thread )
  0x000000002181e000 JavaThread "Cache worker for Build Output Cleanup Cache (C:\Users\Irfani\AndroidStudioProjects\Project_Android\.gradle\buildOutputCleanup)" [_thread_blocked, id=5596, stack(0x0000000024770000,0x0000000024870000)]
  0x0000000021825000 JavaThread "Build operations Thread 8" [_thread_blocked, id=10196, stack(0x0000000024070000,0x0000000024170000)]
  0x0000000021824000 JavaThread "Build operations Thread 7" [_thread_blocked, id=3880, stack(0x0000000023f70000,0x0000000024070000)]
  0x0000000021823800 JavaThread "Build operations Thread 6" [_thread_blocked, id=7960, stack(0x0000000023e70000,0x0000000023f70000)]
  0x000000002181b800 JavaThread "Build operations Thread 5" [_thread_blocked, id=4584, stack(0x0000000023d70000,0x0000000023e70000)]
  0x000000002181f800 JavaThread "Build operations Thread 4" [_thread_blocked, id=7952, stack(0x0000000023c70000,0x0000000023d70000)]
  0x000000002181d000 JavaThread "Build operations Thread 3" [_thread_blocked, id=4228, stack(0x00000000238f0000,0x00000000239f0000)]
  0x0000000021822000 JavaThread "Build operations Thread 2" [_thread_blocked, id=6188, stack(0x00000000237f0000,0x00000000238f0000)]
  0x0000000021822800 JavaThread "Build operations" [_thread_blocked, id=6592, stack(0x00000000236f0000,0x00000000237f0000)]
  0x0000000021820000 JavaThread "Cache worker for execution history cache (C:\Users\Irfani\.gradle\caches\5.6.4\executionHistory)" [_thread_blocked, id=7208, stack(0x000000001f690000,0x000000001f790000)]
  0x000000002181b000 JavaThread "Cache worker for cache directory md-rule (C:\Users\Irfani\.gradle\caches\5.6.4\md-rule)" [_thread_blocked, id=8924, stack(0x0000000022620000,0x0000000022720000)]
  0x000000001b0be800 JavaThread "Cache worker for cache directory md-supplier (C:\Users\Irfani\.gradle\caches\5.6.4\md-supplier)" [_thread_blocked, id=9624, stack(0x0000000022520000,0x0000000022620000)]
  0x000000001b0bd000 JavaThread "Cache worker for file hash cache (C:\Users\Irfani\AndroidStudioProjects\Project_Android\.gradle\5.6.4\fileHashes)" [_thread_blocked, id=6580, stack(0x000000001f390000,0x000000001f490000)]
  0x000000001b0bf000 JavaThread "Cache worker for journal cache (C:\Users\Irfani\.gradle\caches\journal-1)" [_thread_blocked, id=4204, stack(0x000000001cef0000,0x000000001cff0000)]
  0x000000001b0c0800 JavaThread "File lock request listener" [_thread_in_native, id=6788, stack(0x000000001cdf0000,0x000000001cef0000)]
  0x000000001b054800 JavaThread "Cache worker for file hash cache (C:\Users\Irfani\.gradle\caches\5.6.4\fileHashes)" [_thread_blocked, id=5284, stack(0x000000001ccf0000,0x000000001cdf0000)]
  0x000000001b01b000 JavaThread "Thread-9" [_thread_blocked, id=4164, stack(0x000000001cbf0000,0x000000001ccf0000)]
  0x000000001aff4800 JavaThread "Stdin handler" [_thread_blocked, id=7396, stack(0x000000001caf0000,0x000000001cbf0000)]
  0x000000001affa800 JavaThread "Asynchronous log dispatcher for DefaultDaemonConnection: socket connection from /127.0.0.1:50267 to /127.0.0.1:50268" [_thread_blocked, id=3860, stack(0x000000001c8f0000,0x000000001c9f0000)]
  0x000000001afb7800 JavaThread "Daemon worker" [_thread_in_vm, id=7836, stack(0x000000001c7f0000,0x000000001c8f0000)]
  0x000000001afb7000 JavaThread "Cancel handler" [_thread_blocked, id=5348, stack(0x000000001c6f0000,0x000000001c7f0000)]
  0x000000001af97800 JavaThread "Handler for socket connection from /127.0.0.1:50267 to /127.0.0.1:50268" [_thread_in_native, id=3216, stack(0x000000001c3f0000,0x000000001c4f0000)]
  0x000000001af90000 JavaThread "Daemon" [_thread_blocked, id=3184, stack(0x000000001c2f0000,0x000000001c3f0000)]
  0x000000001af7f000 JavaThread "Daemon periodic checks" [_thread_blocked, id=1880, stack(0x000000001c1f0000,0x000000001c2f0000)]
  0x000000001af1e000 JavaThread "Incoming local TCP Connector on port 50267" [_thread_in_native, id=9016, stack(0x000000001bfb0000,0x000000001c0b0000)]
  0x000000001ae0c000 JavaThread "Daemon health stats" [_thread_blocked, id=6900, stack(0x000000001a980000,0x000000001aa80000)]
  0x000000001836e000 JavaThread "Service Thread" daemon [_thread_blocked, id=7760, stack(0x0000000018fb0000,0x00000000190b0000)]
  0x00000000164fc000 JavaThread "C1 CompilerThread3" daemon [_thread_blocked, id=7312, stack(0x0000000018eb0000,0x0000000018fb0000)]
  0x00000000182e5800 JavaThread "C2 CompilerThread2" daemon [_thread_in_native, id=7892, stack(0x0000000018db0000,0x0000000018eb0000)]
=>0x00000000182e1000 JavaThread "C2 CompilerThread1" daemon [_thread_in_native, id=1768, stack(0x0000000018cb0000,0x0000000018db0000)]
  0x00000000182de000 JavaThread "C2 CompilerThread0" daemon [_thread_in_native, id=1604, stack(0x0000000018bb0000,0x0000000018cb0000)]
  0x00000000182dc800 JavaThread "Attach Listener" daemon [_thread_blocked, id=9260, stack(0x0000000018ab0000,0x0000000018bb0000)]
  0x00000000182da000 JavaThread "Signal Dispatcher" daemon [_thread_blocked, id=8748, stack(0x00000000189b0000,0x0000000018ab0000)]
  0x000000000272e000 JavaThread "Finalizer" daemon [_thread_blocked, id=9172, stack(0x00000000187b0000,0x00000000188b0000)]
  0x0000000002725000 JavaThread "Reference Handler" daemon [_thread_blocked, id=9388, stack(0x00000000186b0000,0x00000000187b0000)]
  0x000000000252e000 JavaThread "main" [_thread_blocked, id=9544, stack(0x0000000002530000,0x0000000002630000)]

Other Threads:
  0x00000000164e8000 VMThread [stack: 0x00000000181b0000,0x00000000182b0000] [id=8500]
  0x000000001836f000 WatcherThread [stack: 0x00000000190b0000,0x00000000191b0000] [id=9396]

VM state:not at safepoint (normal execution)

VM Mutex/Monitor currently owned by a thread: None

heap address: 0x00000000a0000000, size: 1536 MB, Compressed Oops mode: 32-bit
Narrow klass base: 0x0000000000000000, Narrow klass shift: 3
Compressed class space size: 1073741824 Address: 0x0000000100000000

Heap:
 PSYoungGen      total 136192K, used 93188K [0x00000000e0000000, 0x00000000eb280000, 0x0000000100000000)
  eden space 122880K, 65% used [0x00000000e0000000,0x00000000e4e02cb0,0x00000000e7800000)
  from space 13312K, 99% used [0x00000000e7800000,0x00000000e84fe438,0x00000000e8500000)
  to   space 15872K, 0% used [0x00000000ea300000,0x00000000ea300000,0x00000000eb280000)
 ParOldGen       total 41472K, used 18476K [0x00000000a0000000, 0x00000000a2880000, 0x00000000e0000000)
  object space 41472K, 44% used [0x00000000a0000000,0x00000000a120b0e8,0x00000000a2880000)
 Metaspace       used 52299K, capacity 54144K, committed 54312K, reserved 1095680K
  class space    used 7171K, capacity 7605K, committed 7720K, reserved 1048576K

Card table byte_map: [0x0000000011af0000,0x0000000011e00000] byte_map_base: 0x00000000115f0000

Marking Bits: (ParMarkBitMap*) 0x0000000062fc9f30
 Begin Bits: [0x0000000012800000, 0x0000000014000000)
 End Bits:   [0x0000000014000000, 0x0000000015800000)

Polling page: 0x0000000000bf0000

CodeCache: size=245760Kb used=15156Kb max_used=15156Kb free=230603Kb
 bounds [0x0000000002730000, 0x0000000003610000, 0x0000000011730000]
 total_blobs=5122 nmethods=4352 adapters=683
 compilation: enabled

Compilation events (10 events):
Event: 7.069 Thread 0x00000000164fc000 4790       3       sun.reflect.generics.visitor.Reifier::visitTypeVariableSignature (18 bytes)
Event: 7.070 Thread 0x00000000164fc000 nmethod 4790 0x00000000035f31d0 code [0x00000000035f3360, 0x00000000035f36a8]
Event: 7.070 Thread 0x00000000164fc000 4791       3       sun.reflect.generics.factory.CoreReflectionFactory::findTypeVariable (11 bytes)
Event: 7.070 Thread 0x00000000164fc000 nmethod 4791 0x00000000035f3890 code [0x00000000035f3a00, 0x00000000035f3c48]
Event: 7.071 Thread 0x00000000164fc000 4792   !   3       java.beans.Introspector::getTargetPropertyInfo (582 bytes)
Event: 7.075 Thread 0x00000000164fc000 nmethod 4792 0x00000000035f3d50 code [0x00000000035f4280, 0x00000000035f7e48]
Event: 7.075 Thread 0x00000000164fc000 4793       3       java.beans.Introspector::processPropertyDescriptors (959 bytes)
Event: 7.082 Thread 0x00000000164fc000 nmethod 4793 0x00000000035f9990 code [0x00000000035fa440, 0x0000000003603398]
Event: 7.082 Thread 0x00000000164fc000 4794       3       java.beans.Introspector::getTargetMethodInfo (252 bytes)
Event: 7.083 Thread 0x00000000164fc000 nmethod 4794 0x0000000003607650 code [0x0000000003607920, 0x00000000036089a8]

GC Heap History (10 events):
Event: 3.347 GC heap before
{Heap before GC invocations=9 (full 1):
 PSYoungGen      total 71680K, used 64512K [0x00000000e0000000, 0x00000000e9200000, 0x0000000100000000)
  eden space 64512K, 100% used [0x00000000e0000000,0x00000000e3f00000,0x00000000e3f00000)
  from space 7168K, 0% used [0x00000000e3f00000,0x00000000e3f00000,0x00000000e4600000)
  to   space 10240K, 0% used [0x00000000e8800000,0x00000000e8800000,0x00000000e9200000)
 ParOldGen       total 41472K, used 12279K [0x00000000a0000000, 0x00000000a2880000, 0x00000000e0000000)
  object space 41472K, 29% used [0x00000000a0000000,0x00000000a0bfdf00,0x00000000a2880000)
 Metaspace       used 28106K, capacity 28650K, committed 28928K, reserved 1075200K
  class space    used 3840K, capacity 4040K, committed 4096K, reserved 1048576K
Event: 3.354 GC heap after
Heap after GC invocations=9 (full 1):
 PSYoungGen      total 102912K, used 7261K [0x00000000e0000000, 0x00000000e8f80000, 0x0000000100000000)
  eden space 95232K, 0% used [0x00000000e0000000,0x00000000e0000000,0x00000000e5d00000)
  from space 7680K, 94% used [0x00000000e8800000,0x00000000e8f17438,0x00000000e8f80000)
  to   space 10752K, 0% used [0x00000000e7a80000,0x00000000e7a80000,0x00000000e8500000)
 ParOldGen       total 41472K, used 12287K [0x00000000a0000000, 0x00000000a2880000, 0x00000000e0000000)
  object space 41472K, 29% used [0x00000000a0000000,0x00000000a0bfff00,0x00000000a2880000)
 Metaspace       used 28106K, capacity 28650K, committed 28928K, reserved 1075200K
  class space    used 3840K, capacity 4040K, committed 4096K, reserved 1048576K
}
Event: 4.176 GC heap before
{Heap before GC invocations=10 (full 1):
 PSYoungGen      total 102912K, used 102493K [0x00000000e0000000, 0x00000000e8f80000, 0x0000000100000000)
  eden space 95232K, 100% used [0x00000000e0000000,0x00000000e5d00000,0x00000000e5d00000)
  from space 7680K, 94% used [0x00000000e8800000,0x00000000e8f17438,0x00000000e8f80000)
  to   space 10752K, 0% used [0x00000000e7a80000,0x00000000e7a80000,0x00000000e8500000)
 ParOldGen       total 41472K, used 12287K [0x00000000a0000000, 0x00000000a2880000, 0x00000000e0000000)
  object space 41472K, 29% used [0x00000000a0000000,0x00000000a0bfff00,0x00000000a2880000)
 Metaspace       used 33444K, capacity 34212K, committed 34304K, reserved 1079296K
  class space    used 4562K, capacity 4812K, committed 4864K, reserved 1048576K
Event: 4.187 GC heap after
Heap after GC invocations=10 (full 1):
 PSYoungGen      total 132608K, used 10727K [0x00000000e0000000, 0x00000000e9000000, 0x0000000100000000)
  eden space 121856K, 0% used [0x00000000e0000000,0x00000000e0000000,0x00000000e7700000)
  from space 10752K, 99% used [0x00000000e7a80000,0x00000000e84f9f08,0x00000000e8500000)
  to   space 11264K, 0% used [0x00000000e8500000,0x00000000e8500000,0x00000000e9000000)
 ParOldGen       total 41472K, used 13106K [0x00000000a0000000, 0x00000000a2880000, 0x00000000e0000000)
  object space 41472K, 31% used [0x00000000a0000000,0x00000000a0ccca58,0x00000000a2880000)
 Metaspace       used 33444K, capacity 34212K, committed 34304K, reserved 1079296K
  class space    used 4562K, capacity 4812K, committed 4864K, reserved 1048576K
}
Event: 4.455 GC heap before
{Heap before GC invocations=11 (full 1):
 PSYoungGen      total 132608K, used 47618K [0x00000000e0000000, 0x00000000e9000000, 0x0000000100000000)
  eden space 121856K, 30% used [0x00000000e0000000,0x00000000e2406a20,0x00000000e7700000)
  from space 10752K, 99% used [0x00000000e7a80000,0x00000000e84f9f08,0x00000000e8500000)
  to   space 11264K, 0% used [0x00000000e8500000,0x00000000e8500000,0x00000000e9000000)
 ParOldGen       total 41472K, used 13106K [0x00000000a0000000, 0x00000000a2880000, 0x00000000e0000000)
  object space 41472K, 31% used [0x00000000a0000000,0x00000000a0ccca58,0x00000000a2880000)
 Metaspace       used 34705K, capacity 35410K, committed 35496K, reserved 1079296K
  class space    used 4783K, capacity 4994K, committed 5032K, reserved 1048576K
Event: 4.468 GC heap after
Heap after GC invocations=11 (full 1):
 PSYoungGen      total 134144K, used 10027K [0x00000000e0000000, 0x00000000eb880000, 0x0000000100000000)
  eden space 122880K, 0% used [0x00000000e0000000,0x00000000e0000000,0x00000000e7800000)
  from space 11264K, 89% used [0x00000000e8500000,0x00000000e8ecaf20,0x00000000e9000000)
  to   space 13312K, 0% used [0x00000000e7800000,0x00000000e7800000,0x00000000e8500000)
 ParOldGen       total 41472K, used 13114K [0x00000000a0000000, 0x00000000a2880000, 0x00000000e0000000)
  object space 41472K, 31% used [0x00000000a0000000,0x00000000a0ccea58,0x00000000a2880000)
 Metaspace       used 34705K, capacity 35410K, committed 35496K, reserved 1079296K
  class space    used 4783K, capacity 4994K, committed 5032K, reserved 1048576K
}
Event: 4.468 GC heap before
{Heap before GC invocations=12 (full 2):
 PSYoungGen      total 134144K, used 10027K [0x00000000e0000000, 0x00000000eb880000, 0x0000000100000000)
  eden space 122880K, 0% used [0x00000000e0000000,0x00000000e0000000,0x00000000e7800000)
  from space 11264K, 89% used [0x00000000e8500000,0x00000000e8ecaf20,0x00000000e9000000)
  to   space 13312K, 0% used [0x00000000e7800000,0x00000000e7800000,0x00000000e8500000)
 ParOldGen       total 41472K, used 13114K [0x00000000a0000000, 0x00000000a2880000, 0x00000000e0000000)
  object space 41472K, 31% used [0x00000000a0000000,0x00000000a0ccea58,0x00000000a2880000)
 Metaspace       used 34705K, capacity 35410K, committed 35496K, reserved 1079296K
  class space    used 4783K, capacity 4994K, committed 5032K, reserved 1048576K
Event: 4.545 GC heap after
Heap after GC invocations=12 (full 2):
 PSYoungGen      total 134144K, used 0K [0x00000000e0000000, 0x00000000eb880000, 0x0000000100000000)
  eden space 122880K, 0% used [0x00000000e0000000,0x00000000e0000000,0x00000000e7800000)
  from space 11264K, 0% used [0x00000000e8500000,0x00000000e8500000,0x00000000e9000000)
  to   space 13312K, 0% used [0x00000000e7800000,0x00000000e7800000,0x00000000e8500000)
 ParOldGen       total 41472K, used 16826K [0x00000000a0000000, 0x00000000a2880000, 0x00000000e0000000)
  object space 41472K, 40% used [0x00000000a0000000,0x00000000a106eab0,0x00000000a2880000)
 Metaspace       used 34705K, capacity 35410K, committed 35496K, reserved 1079296K
  class space    used 4783K, capacity 4994K, committed 5032K, reserved 1048576K
}
Event: 6.310 GC heap before
{Heap before GC invocations=13 (full 2):
 PSYoungGen      total 134144K, used 122880K [0x00000000e0000000, 0x00000000eb880000, 0x0000000100000000)
  eden space 122880K, 100% used [0x00000000e0000000,0x00000000e7800000,0x00000000e7800000)
  from space 11264K, 0% used [0x00000000e8500000,0x00000000e8500000,0x00000000e9000000)
  to   space 13312K, 0% used [0x00000000e7800000,0x00000000e7800000,0x00000000e8500000)
 ParOldGen       total 41472K, used 16826K [0x00000000a0000000, 0x00000000a2880000, 0x00000000e0000000)
  object space 41472K, 40% used [0x00000000a0000000,0x00000000a106eab0,0x00000000a2880000)
 Metaspace       used 45470K, capacity 46818K, committed 47016K, reserved 1089536K
  class space    used 6162K, capacity 6484K, committed 6568K, reserved 1048576K
Event: 6.321 GC heap after
Heap after GC invocations=13 (full 2):
 PSYoungGen      total 136192K, used 13305K [0x00000000e0000000, 0x00000000eb280000, 0x0000000100000000)
  eden space 122880K, 0% used [0x00000000e0000000,0x00000000e0000000,0x00000000e7800000)
  from space 13312K, 99% used [0x00000000e7800000,0x00000000e84fe438,0x00000000e8500000)
  to   space 15872K, 0% used [0x00000000ea300000,0x00000000ea300000,0x00000000eb280000)
 ParOldGen       total 41472K, used 18476K [0x00000000a0000000, 0x00000000a2880000, 0x00000000e0000000)
  object space 41472K, 44% used [0x00000000a0000000,0x00000000a120b0e8,0x00000000a2880000)
 Metaspace       used 45470K, capacity 46818K, committed 47016K, reserved 1089536K
  class space    used 6162K, capacity 6484K, committed 6568K, reserved 1048576K
}

Deoptimization events (10 events):
Event: 6.433 Thread 0x000000001afb7800 Uncommon trap: reason=unstable_if action=reinterpret pc=0x000000000342d7f0 method=org.gradle.internal.reflect.PropertyAccessorType.of(Ljava/lang/reflect/Method;)Lorg/gradle/internal/reflect/PropertyAccessorType; @ 56
Event: 6.445 Thread 0x000000001afb7800 Uncommon trap: reason=unstable_if action=reinterpret pc=0x0000000003521c08 method=groovy.lang.MetaClassImpl.filterPropertyMethod(Ljava/lang/Object;ZZ)Ljava/lang/Object; @ 72
Event: 6.547 Thread 0x000000001afb7800 Uncommon trap: reason=speculate_class_check action=maybe_recompile pc=0x00000000032db7e8 method=com.google.common.collect.AbstractIndexedListIterator.next()Ljava/lang/Object; @ 27
Event: 6.547 Thread 0x000000001afb7800 Uncommon trap: reason=speculate_class_check action=maybe_recompile pc=0x00000000032db7e8 method=com.google.common.collect.AbstractIndexedListIterator.next()Ljava/lang/Object; @ 27
Event: 6.547 Thread 0x000000001afb7800 Uncommon trap: reason=speculate_class_check action=maybe_recompile pc=0x00000000032db7e8 method=com.google.common.collect.AbstractIndexedListIterator.next()Ljava/lang/Object; @ 27
Event: 6.547 Thread 0x000000001afb7800 Uncommon trap: reason=speculate_class_check action=maybe_recompile pc=0x00000000032db7e8 method=com.google.common.collect.AbstractIndexedListIterator.next()Ljava/lang/Object; @ 27
Event: 6.556 Thread 0x000000001afb7800 Uncommon trap: reason=unstable_if action=reinterpret pc=0x0000000003453830 method=org.gradle.internal.instantiation.AbstractClassGenerator$InjectionAnnotationValidator.validateMethod(Ljava/lang/reflect/Method;Lorg/gradle/internal/reflect/PropertyAccessorT
Event: 6.556 Thread 0x000000001afb7800 Uncommon trap: reason=unstable_if action=reinterpret pc=0x00000000034f8704 method=org.gradle.internal.instantiation.AbstractClassGenerator$InjectionAnnotationValidator.validateMethod(Ljava/lang/reflect/Method;Lorg/gradle/internal/reflect/PropertyAccessorT
Event: 6.639 Thread 0x000000001afb7800 Uncommon trap: reason=class_check action=maybe_recompile pc=0x00000000033bc000 method=java.lang.Throwable.<init>(Ljava/lang/String;Ljava/lang/Throwable;)V @ 24
Event: 7.065 Thread 0x000000001afb7800 Uncommon trap: reason=unstable_if action=reinterpret pc=0x0000000003454040 method=java.lang.reflect.AccessibleObject.setAccessible0(Ljava/lang/reflect/AccessibleObject;Z)V @ 23

Classes redefined (0 events):
No events

Internal exceptions (10 events):
Event: 7.006 Thread 0x000000001afb7800 Exception <a 'java/lang/ClassNotFoundException': com/android/build/gradle/internal/api/ApkVariantOutputImpl_DecoratedCustomizer> (0x00000000e4271d40) thrown at [D:\src\AOSP-openjdk-cygwin\jdk8u\hotspot\src\share\vm\classfile\systemDictionary.cpp, line 210
Event: 7.063 Thread 0x000000001afb7800 Exception <a 'java/lang/ClassNotFoundException': org/jetbrains/plugins/gradle/model/web/WebConfigurationBeanInfo> (0x00000000e48f8818) thrown at [D:\src\AOSP-openjdk-cygwin\jdk8u\hotspot\src\share\vm\classfile\systemDictionary.cpp, line 210]
Event: 7.063 Thread 0x000000001afb7800 Exception <a 'java/lang/ClassNotFoundException': org/jetbrains/plugins/gradle/model/web/WebConfigurationCustomizer> (0x00000000e490bb60) thrown at [D:\src\AOSP-openjdk-cygwin\jdk8u\hotspot\src\share\vm\classfile\systemDictionary.cpp, line 210]
Event: 7.065 Thread 0x000000001afb7800 Exception <a 'java/lang/SecurityException'> (0x00000000e4920580) thrown at [D:\src\AOSP-openjdk-cygwin\jdk8u\hotspot\src\share\vm\prims\jvm.cpp, line 1506]
Event: 7.067 Thread 0x000000001afb7800 Exception <a 'java/lang/ClassNotFoundException': java/lang/ClassBeanInfo> (0x00000000e493a9c8) thrown at [D:\src\AOSP-openjdk-cygwin\jdk8u\hotspot\src\share\vm\classfile\systemDictionary.cpp, line 210]
Event: 7.067 Thread 0x000000001afb7800 Exception <a 'java/lang/ClassNotFoundException': java/lang/ClassCustomizer> (0x00000000e4942e88) thrown at [D:\src\AOSP-openjdk-cygwin\jdk8u\hotspot\src\share\vm\classfile\systemDictionary.cpp, line 210]
Event: 7.075 Thread 0x000000001afb7800 Exception <a 'java/lang/ClassNotFoundException': java/lang/StringBeanInfo> (0x00000000e4a7f030) thrown at [D:\src\AOSP-openjdk-cygwin\jdk8u\hotspot\src\share\vm\classfile\systemDictionary.cpp, line 210]
Event: 7.076 Thread 0x000000001afb7800 Exception <a 'java/lang/ClassNotFoundException': java/lang/StringCustomizer> (0x00000000e4a878c0) thrown at [D:\src\AOSP-openjdk-cygwin\jdk8u\hotspot\src\share\vm\classfile\systemDictionary.cpp, line 210]
Event: 7.081 Thread 0x000000001afb7800 Exception <a 'java/lang/ClassNotFoundException': org/jetbrains/plugins/gradle/model/scala/ScalaModelBeanInfo> (0x00000000e4ae7630) thrown at [D:\src\AOSP-openjdk-cygwin\jdk8u\hotspot\src\share\vm\classfile\systemDictionary.cpp, line 210]
Event: 7.082 Thread 0x000000001afb7800 Exception <a 'java/lang/ClassNotFoundException': org/jetbrains/plugins/gradle/model/scala/ScalaModelCustomizer> (0x00000000e4afa1c8) thrown at [D:\src\AOSP-openjdk-cygwin\jdk8u\hotspot\src\share\vm\classfile\systemDictionary.cpp, line 210]

Events (10 events):
Event: 7.084 loading class org/gradle/tooling/provider/model/internal/DefaultToolingModelBuilderRegistry$BuildOperationWrappingToolingModelBuilder
Event: 7.084 loading class org/gradle/tooling/provider/model/internal/DefaultToolingModelBuilderRegistry$BuildOperationWrappingToolingModelBuilder done
Event: 7.085 loading class org/gradle/tooling/provider/model/internal/DefaultToolingModelBuilderRegistry$BuildOperationWrappingToolingModelBuilder$1
Event: 7.085 loading class org/gradle/tooling/provider/model/internal/DefaultToolingModelBuilderRegistry$BuildOperationWrappingToolingModelBuilder$1 done
Event: 7.085 loading class org/gradle/tooling/provider/model/internal/DefaultToolingModelBuilderRegistry$BuildOperationWrappingToolingModelBuilder$1$1
Event: 7.085 loading class org/gradle/tooling/provider/model/internal/DefaultToolingModelBuilderRegistry$BuildOperationWrappingToolingModelBuilder$1$1 done
Event: 7.086 loading class org/gradle/plugins/ide/internal/tooling/model/DefaultGradleBuild
Event: 7.086 loading class org/gradle/plugins/ide/internal/tooling/model/DefaultGradleBuild done
Event: 7.087 loading class org/gradle/tooling/internal/gradle/DefaultProjectIdentifier
Event: 7.087 loading class org/gradle/tooling/internal/gradle/DefaultProjectIdentifier done


Dynamic libraries:
0x00007ff70db10000 - 0x00007ff70db41000 	C:\Program Files\Android\Android Studio\jre\bin\java.exe
0x00007ffe083a0000 - 0x00007ffe08590000 	C:\Windows\SYSTEM32\ntdll.dll
0x00007ffe06e20000 - 0x00007ffe06ed2000 	C:\Windows\System32\KERNEL32.DLL
0x00007ffe05da0000 - 0x00007ffe06043000 	C:\Windows\System32\KERNELBASE.dll
0x00007ffe07c00000 - 0x00007ffe07ca3000 	C:\Windows\System32\ADVAPI32.dll
0x00007ffe07d30000 - 0x00007ffe07dce000 	C:\Windows\System32\msvcrt.dll
0x00007ffe07300000 - 0x00007ffe07397000 	C:\Windows\System32\sechost.dll
0x00007ffe073a0000 - 0x00007ffe074c0000 	C:\Windows\System32\RPCRT4.dll
0x00007ffe06ee0000 - 0x00007ffe07074000 	C:\Windows\System32\USER32.dll
0x00007ffe06280000 - 0x00007ffe062a1000 	C:\Windows\System32\win32u.dll
0x00007ffe07130000 - 0x00007ffe07156000 	C:\Windows\System32\GDI32.dll
0x00007ffe062b0000 - 0x00007ffe06444000 	C:\Windows\System32\gdi32full.dll
0x00007ffe05d00000 - 0x00007ffe05d9e000 	C:\Windows\System32\msvcp_win.dll
0x00007ffe05330000 - 0x00007ffe0542a000 	C:\Windows\System32\ucrtbase.dll
0x00007ffdf0cd0000 - 0x00007ffdf0f55000 	C:\Windows\WinSxS\amd64_microsoft.windows.common-controls_6595b64144ccf1df_6.0.18362.657_none_e6c5b579130e3898\COMCTL32.dll
0x00007ffe07dd0000 - 0x00007ffe08106000 	C:\Windows\System32\combase.dll
0x00007ffe060d0000 - 0x00007ffe06150000 	C:\Windows\System32\bcryptPrimitives.dll
0x00007ffe07a70000 - 0x00007ffe07a9e000 	C:\Windows\System32\IMM32.DLL
0x0000000062720000 - 0x00000000627f2000 	C:\Program Files\Android\Android Studio\jre\jre\bin\msvcr100.dll
0x0000000062800000 - 0x0000000063046000 	C:\Program Files\Android\Android Studio\jre\jre\bin\server\jvm.dll
0x00007ffe07b30000 - 0x00007ffe07b38000 	C:\Windows\System32\PSAPI.DLL
0x00007ffe020c0000 - 0x00007ffe020c9000 	C:\Windows\SYSTEM32\WSOCK32.dll
0x00007ffe01f30000 - 0x00007ffe01f54000 	C:\Windows\SYSTEM32\WINMM.dll
0x00007ffe000b0000 - 0x00007ffe000ba000 	C:\Windows\SYSTEM32\VERSION.dll
0x00007ffe08170000 - 0x00007ffe081df000 	C:\Windows\System32\WS2_32.dll
0x00007ffe01f00000 - 0x00007ffe01f2d000 	C:\Windows\SYSTEM32\WINMMBASE.dll
0x00007ffe06050000 - 0x00007ffe0609a000 	C:\Windows\System32\cfgmgr32.dll
0x00007ffe013f0000 - 0x00007ffe013ff000 	C:\Program Files\Android\Android Studio\jre\jre\bin\verify.dll
0x00007ffdfcde0000 - 0x00007ffdfce09000 	C:\Program Files\Android\Android Studio\jre\jre\bin\java.dll
0x00007ffdfc680000 - 0x00007ffdfc696000 	C:\Program Files\Android\Android Studio\jre\jre\bin\zip.dll
0x00007ffe06500000 - 0x00007ffe06be5000 	C:\Windows\System32\SHELL32.dll
0x00007ffe06450000 - 0x00007ffe064f9000 	C:\Windows\System32\shcore.dll
0x00007ffe05430000 - 0x00007ffe05baf000 	C:\Windows\System32\windows.storage.dll
0x00007ffe05280000 - 0x00007ffe0529f000 	C:\Windows\System32\profapi.dll
0x00007ffe052a0000 - 0x00007ffe052ea000 	C:\Windows\System32\powrprof.dll
0x00007ffe05270000 - 0x00007ffe05280000 	C:\Windows\System32\UMPDC.dll
0x00007ffe07b40000 - 0x00007ffe07b92000 	C:\Windows\System32\shlwapi.dll
0x00007ffe052f0000 - 0x00007ffe05301000 	C:\Windows\System32\kernel.appcore.dll
0x00007ffe061b0000 - 0x00007ffe061c7000 	C:\Windows\System32\cryptsp.dll
0x00007ffdfc660000 - 0x00007ffdfc67a000 	C:\Program Files\Android\Android Studio\jre\jre\bin\net.dll
0x00007ffdfc060000 - 0x00007ffdfc236000 	C:\Windows\SYSTEM32\urlmon.dll
0x00007ffdf6250000 - 0x00007ffdf64f6000 	C:\Windows\SYSTEM32\iertutil.dll
0x00007ffe04cb0000 - 0x00007ffe04cbc000 	C:\Windows\SYSTEM32\CRYPTBASE.DLL
0x00007ffe04ae0000 - 0x00007ffe04b47000 	C:\Windows\system32\mswsock.dll
0x00007ffdfc640000 - 0x00007ffdfc653000 	C:\Program Files\Android\Android Studio\jre\jre\bin\nio.dll
0x00007ffdf34c0000 - 0x00007ffdf34e6000 	C:\Users\Irfani\.gradle\native\30\windows-amd64\native-platform.dll
0x00007ffe013e0000 - 0x00007ffe013ed000 	C:\Program Files\Android\Android Studio\jre\jre\bin\management.dll
0x00007ffe04650000 - 0x00007ffe04683000 	C:\Windows\system32\rsaenh.dll
0x00007ffe060a0000 - 0x00007ffe060c6000 	C:\Windows\System32\bcrypt.dll
0x00007ffe05190000 - 0x00007ffe051b5000 	C:\Windows\SYSTEM32\USERENV.dll
0x00007ffe047f0000 - 0x00007ffe0482a000 	C:\Windows\SYSTEM32\IPHLPAPI.DLL
0x00007ffe07cb0000 - 0x00007ffe07cb8000 	C:\Windows\System32\NSI.dll
0x00007ffdff380000 - 0x00007ffdff396000 	C:\Windows\SYSTEM32\dhcpcsvc6.DLL
0x00007ffdff540000 - 0x00007ffdff55c000 	C:\Windows\SYSTEM32\dhcpcsvc.DLL
0x00007ffe04830000 - 0x00007ffe048fa000 	C:\Windows\SYSTEM32\DNSAPI.dll

VM Arguments:
jvm_args: -Xmx1536m -Dfile.encoding=windows-1252 -Duser.country=ID -Duser.language=en -Duser.variant 
java_command: org.gradle.launcher.daemon.bootstrap.GradleDaemon 5.6.4
java_class_path (initial): C:\Users\Irfani\.gradle\wrapper\dists\gradle-5.6.4-all\ankdp27end7byghfw1q2sw75f\gradle-5.6.4\lib\gradle-launcher-5.6.4.jar
Launcher Type: SUN_STANDARD

Environment Variables:
JAVA_HOME=C:\Program Files\Java\jdk1.8.0_241\bin
PATH=C:\Program Files (x86)\Common Files\Oracle\Java\javapath;C:\Windows\system32;C:\Windows;C:\Windows\System32\Wbem;C:\Windows\System32\WindowsPowerShell\v1.0\;C:\Windows\System32\OpenSSH\;C:\xampp\php;C:\ProgramData\ComposerSetup\bin;C:\Program Files\Java\jdk1.8.0_241\bin;C:\Program Files\nodejs\;C:\Program Files\Git\cmd;C:\Users\Irfani\AppData\Local\Microsoft\WindowsApps;C:\Users\Irfani\AppData\Roaming\Composer\vendor\bin;C:\Users\Irfani\AppData\Local\Programs\Microsoft VS Code\bin;C:\Users\Irfani\AppData\Roaming\npm;C:\Program Files\Java\jdk1.8.0_241\bin;
USERNAME=Irfani
OS=Windows_NT
PROCESSOR_IDENTIFIER=Intel64 Family 6 Model 142 Stepping 10, GenuineIntel



---------------  S Y S T E M  ---------------

OS: Windows 10.0 , 64 bit Build 18362 (10.0.18362.329)

CPU:total 8 (initial active 8) (4 cores per cpu, 2 threads per core) family 6 model 142 stepping 10, cmov, cx8, fxsr, mmx, sse, sse2, sse3, ssse3, sse4.1, sse4.2, popcnt, avx, avx2, aes, clmul, erms, 3dnowpref, lzcnt, ht, tsc, tscinvbit, bmi1, bmi2, adx

Memory: 4k page, physical 4068580k(799860k free), swap 4068580k(6636k free)

vm_info: OpenJDK 64-Bit Server VM (25.212-b04) for windows-amd64 JRE (1.8.0_212-release-1586-b04), built by "builder" with MS VC++ 10.0 (VS2010)

time: Thu Feb 27 22:40:27 2020
timezone: SE Asia Standard Time
elapsed time: 7 seconds (0d 0h 0m 7s)

