#
# There is insufficient memory for the Java Runtime Environment to continue.
# Native memory allocation (malloc) failed to allocate 1049296 bytes for Chunk::new
# Possible reasons:
#   The system is out of physical RAM or swap space
#   The process is running with CompressedOops enabled, and the Java Heap may be blocking the growth of the native heap
# Possible solutions:
#   Reduce memory load on the system
#   Increase physical memory or swap space
#   Check if swap backing store is full
#   Decrease Java heap size (-Xmx/-Xms)
#   Decrease number of Java threads
#   Decrease Java thread stack sizes (-Xss)
#   Set larger code cache with -XX:ReservedCodeCacheSize=
#   JVM is running with Unscaled Compressed Oops mode in which the Java heap is
#     placed in the first 4GB address space. The Java Heap base address is the
#     maximum limit for the native heap growth. Please use -XX:HeapBaseMinAddress
#     to set the Java Heap base and to place the Java Heap above 4GB virtual address.
# This output file may be truncated or incomplete.
#
#  Out of Memory Error (allocation.cpp:389), pid=7128, tid=0x0000000000003710
#
# JRE version: OpenJDK Runtime Environment (8.0_212-b04) (build 1.8.0_212-release-1586-b04)
# Java VM: OpenJDK 64-Bit Server VM (25.212-b04 mixed mode windows-amd64 compressed oops)
# Failed to write core dump. Minidumps are not enabled by default on client versions of Windows
#

---------------  T H R E A D  ---------------

Current thread (0x00000000181d1000):  JavaThread "C2 CompilerThread0" daemon [_thread_in_native, id=14096, stack(0x0000000018aa0000,0x0000000018ba0000)]

Stack: [0x0000000018aa0000,0x0000000018ba0000]
[error occurred during error reporting (printing stack bounds), id 0xc0000005]

Native frames: (J=compiled Java code, j=interpreted, Vv=VM code, C=native code)


Current CompileTask:
C2:1647965 23376   !   4       java.io.ObjectInputStream::readObject0 (566 bytes)


---------------  P R O C E S S  ---------------

Java Threads: ( => current thread )
  0x000000001f224800 JavaThread "ForkJoinPool.commonPool-worker-4" daemon [_thread_blocked, id=14632, stack(0x000000002cca0000,0x000000002cda0000)]
  0x000000001f22b800 JavaThread "ForkJoinPool.commonPool-worker-1" daemon [_thread_blocked, id=12900, stack(0x000000002b8b0000,0x000000002b9b0000)]
  0x000000001f223800 JavaThread "WorkerExecutor Queue Thread 2" [_thread_blocked, id=15532, stack(0x000000002b4c0000,0x000000002b5c0000)]
  0x000000001f22a800 JavaThread "WorkerExecutor Queue" [_thread_blocked, id=13896, stack(0x000000002b3c0000,0x000000002b4c0000)]
  0x000000001f229000 JavaThread "Cache worker for execution history cache (C:\Users\Irfani\AndroidStudioProjects\Project_Android\.gradle\5.6.4\executionHistory)" [_thread_blocked, id=10004, stack(0x000000002b2c0000,0x000000002b3c0000)]
  0x000000001f226800 JavaThread "Execution worker for ':' Thread 7" [_thread_blocked, id=12332, stack(0x000000002afc0000,0x000000002b0c0000)]
  0x000000001f227800 JavaThread "Execution worker for ':' Thread 6" [_thread_blocked, id=7240, stack(0x0000000028ab0000,0x0000000028bb0000)]
  0x000000002068e000 JavaThread "Execution worker for ':' Thread 5" [_thread_blocked, id=6088, stack(0x0000000027790000,0x0000000027890000)]
  0x0000000020694800 JavaThread "Execution worker for ':' Thread 4" [_thread_in_native, id=4028, stack(0x0000000027690000,0x0000000027790000)]
  0x0000000020691000 JavaThread "Execution worker for ':' Thread 3" [_thread_blocked, id=4820, stack(0x0000000027590000,0x0000000027690000)]
  0x0000000020693800 JavaThread "Execution worker for ':' Thread 2" [_thread_blocked, id=13356, stack(0x0000000024e10000,0x0000000024f10000)]
  0x0000000020690800 JavaThread "Execution worker for ':'" [_thread_blocked, id=596, stack(0x0000000024d10000,0x0000000024e10000)]
  0x0000000020692800 JavaThread "Cache worker for file content cache (C:\Users\Irfani\AndroidStudioProjects\Project_Android\.gradle\5.6.4\fileContent)" [_thread_blocked, id=7868, stack(0x00000000247f0000,0x00000000248f0000)]
  0x000000002068d800 JavaThread "Cache worker for Build Output Cleanup Cache (C:\Users\Irfani\AndroidStudioProjects\Project_Android\.gradle\buildOutputCleanup)" [_thread_blocked, id=9112, stack(0x00000000240f0000,0x00000000241f0000)]
  0x000000002068f800 JavaThread "Build operations Thread 8" [_thread_blocked, id=2112, stack(0x0000000023340000,0x0000000023440000)]
  0x0000000020688000 JavaThread "Build operations Thread 7" [_thread_blocked, id=15132, stack(0x0000000022c40000,0x0000000022d40000)]
  0x0000000020686000 JavaThread "Build operations Thread 6" [_thread_blocked, id=4912, stack(0x0000000022b40000,0x0000000022c40000)]
  0x0000000020689000 JavaThread "Build operations Thread 5" [_thread_blocked, id=2196, stack(0x0000000022a40000,0x0000000022b40000)]
  0x000000002068c800 JavaThread "Build operations Thread 4" [_thread_blocked, id=10352, stack(0x0000000022940000,0x0000000022a40000)]
  0x0000000020686800 JavaThread "Build operations Thread 3" [_thread_blocked, id=6616, stack(0x0000000022840000,0x0000000022940000)]
  0x0000000020685000 JavaThread "Build operations Thread 2" [_thread_blocked, id=3536, stack(0x00000000220d0000,0x00000000221d0000)]
  0x000000002068a800 JavaThread "Build operations" [_thread_blocked, id=3236, stack(0x0000000021ed0000,0x0000000021fd0000)]
  0x000000002068b000 JavaThread "Cache worker for cache directory md-rule (C:\Users\Irfani\.gradle\caches\5.6.4\md-rule)" [_thread_blocked, id=1152, stack(0x0000000020b90000,0x0000000020c90000)]
  0x0000000020687800 JavaThread "Cache worker for cache directory md-supplier (C:\Users\Irfani\.gradle\caches\5.6.4\md-supplier)" [_thread_blocked, id=8796, stack(0x000000001f260000,0x000000001f360000)]
  0x00000000206cd000 JavaThread "Cache worker for file hash cache (C:\Users\Irfani\AndroidStudioProjects\Project_Android\.gradle\5.6.4\fileHashes)" [_thread_blocked, id=11764, stack(0x000000001c7c0000,0x000000001c8c0000)]
  0x00000000206cb800 JavaThread "Thread-340" [_thread_blocked, id=7972, stack(0x000000001c6c0000,0x000000001c7c0000)]
  0x00000000206c7000 JavaThread "Stdin handler" [_thread_blocked, id=1952, stack(0x000000001c5c0000,0x000000001c6c0000)]
  0x00000000206cc800 JavaThread "Asynchronous log dispatcher for DefaultDaemonConnection: socket connection from /127.0.0.1:51527 to /127.0.0.1:51935" [_thread_blocked, id=10136, stack(0x000000001c2c0000,0x000000001c3c0000)]
  0x00000000206ce000 JavaThread "Cancel handler" [_thread_blocked, id=7568, stack(0x00000000009b0000,0x0000000000ab0000)]
  0x00000000206cb000 JavaThread "Handler for socket connection from /127.0.0.1:51527 to /127.0.0.1:51935" [_thread_in_native, id=11436, stack(0x00000000008b0000,0x00000000009b0000)]
  0x00000000206c8000 JavaThread "ForkJoinPool.commonPool-worker-0" daemon [_thread_blocked, id=3816, stack(0x000000002ee20000,0x000000002ef20000)]
  0x00000000206c9800 JavaThread "ForkJoinPool.commonPool-worker-7" daemon [_thread_blocked, id=9208, stack(0x000000002ed20000,0x000000002ee20000)]
  0x00000000206c8800 JavaThread "ForkJoinPool.commonPool-worker-6" daemon [_thread_blocked, id=14004, stack(0x000000002eb10000,0x000000002ec10000)]
  0x000000001f230000 JavaThread "ForkJoinPool.commonPool-worker-3" daemon [_thread_blocked, id=7156, stack(0x000000002e700000,0x000000002e800000)]
  0x000000001f225000 JavaThread "ForkJoinPool.commonPool-worker-2" daemon [_thread_blocked, id=7668, stack(0x000000002e600000,0x000000002e700000)]
  0x000000001af0b800 JavaThread "Daemon worker Thread 8" [_thread_blocked, id=2452, stack(0x000000001c1c0000,0x000000001c2c0000)]
  0x000000001af10000 JavaThread "Daemon Thread 8" [_thread_blocked, id=260, stack(0x00000000007b0000,0x00000000008b0000)]
  0x000000002068c000 JavaThread "Cache worker for Java compile cache (C:\Users\Irfani\.gradle\caches\5.6.4\javaCompile)" [_thread_blocked, id=2412, stack(0x000000002b9b0000,0x000000002bab0000)]
  0x000000001af1a000 JavaThread "Cache worker for file content cache (C:\Users\Irfani\.gradle\caches\5.6.4\fileContent)" [_thread_blocked, id=12504, stack(0x0000000023ff0000,0x00000000240f0000)]
  0x000000001af17800 JavaThread "Memory manager" [_thread_blocked, id=7304, stack(0x0000000023640000,0x0000000023740000)]
  0x00000000192a3000 JavaThread "Cache worker for execution history cache (C:\Users\Irfani\.gradle\caches\5.6.4\executionHistory)" [_thread_blocked, id=6372, stack(0x0000000021fd0000,0x00000000220d0000)]
  0x00000000192a5000 JavaThread "Cache worker for journal cache (C:\Users\Irfani\.gradle\caches\journal-1)" [_thread_blocked, id=12748, stack(0x000000001cfc0000,0x000000001d0c0000)]
  0x00000000192a1800 JavaThread "File lock request listener" [_thread_in_native, id=10032, stack(0x000000001cec0000,0x000000001cfc0000)]
  0x000000001aba0800 JavaThread "Cache worker for file hash cache (C:\Users\Irfani\.gradle\caches\5.6.4\fileHashes)" [_thread_blocked, id=14848, stack(0x000000001cbc0000,0x000000001ccc0000)]
  0x000000001aaab800 JavaThread "Daemon periodic checks" [_thread_blocked, id=5156, stack(0x000000001c0c0000,0x000000001c1c0000)]
  0x000000001aaa9000 JavaThread "Incoming local TCP Connector on port 51527" [_thread_in_native, id=10060, stack(0x000000001be80000,0x000000001bf80000)]
  0x0000000018572000 JavaThread "Daemon health stats" [_thread_blocked, id=8940, stack(0x000000001b840000,0x000000001b940000)]
  0x0000000018264000 JavaThread "Service Thread" daemon [_thread_blocked, id=15628, stack(0x0000000018ea0000,0x0000000018fa0000)]
  0x00000000181e5000 JavaThread "C1 CompilerThread3" daemon [_thread_blocked, id=3000, stack(0x0000000018da0000,0x0000000018ea0000)]
  0x00000000163ed000 JavaThread "C2 CompilerThread2" daemon [_thread_blocked, id=9828, stack(0x0000000018ca0000,0x0000000018da0000)]
  0x00000000181d4000 JavaThread "C2 CompilerThread1" daemon [_thread_in_native, id=7356, stack(0x0000000018ba0000,0x0000000018ca0000)]
=>0x00000000181d1000 JavaThread "C2 CompilerThread0" daemon [_thread_in_native, id=14096, stack(0x0000000018aa0000,0x0000000018ba0000)]
  0x00000000181cd800 JavaThread "Attach Listener" daemon [_thread_blocked, id=14380, stack(0x00000000189a0000,0x0000000018aa0000)]
  0x00000000181ca800 JavaThread "Signal Dispatcher" daemon [_thread_blocked, id=10856, stack(0x00000000188a0000,0x00000000189a0000)]
  0x000000000261e000 JavaThread "Finalizer" daemon [_thread_blocked, id=15000, stack(0x00000000186a0000,0x00000000187a0000)]
  0x0000000002615000 JavaThread "Reference Handler" daemon [_thread_blocked, id=6084, stack(0x00000000185a0000,0x00000000186a0000)]
  0x0000000000bde000 JavaThread "main" [_thread_blocked, id=1500, stack(0x00000000023b0000,0x00000000024b0000)]

Other Threads:
  0x00000000163d8000 VMThread [stack: 0x00000000180a0000,0x00000000181a0000] [id=11064]
  0x0000000018264800 WatcherThread [stack: 0x0000000018fa0000,0x00000000190a0000] [id=16036]

VM state:not at safepoint (normal execution)

VM Mutex/Monitor currently owned by a thread: None

OutOfMemory and StackOverflow Exception counts:
OutOfMemoryError java_heap_errors=2

heap address: 0x00000000a0000000, size: 1536 MB, Compressed Oops mode: 32-bit
Narrow klass base: 0x0000000000000000, Narrow klass shift: 3
Compressed class space size: 1073741824 Address: 0x0000000100000000

Heap:
 PSYoungGen      total 376832K, used 218320K [0x00000000e0000000, 0x00000000fc580000, 0x0000000100000000)
  eden space 300544K, 68% used [0x00000000e0000000,0x00000000ec897260,0x00000000f2580000)
  from space 76288K, 16% used [0x00000000f7b00000,0x00000000f879cdf0,0x00000000fc580000)
  to   space 81920K, 0% used [0x00000000f2580000,0x00000000f2580000,0x00000000f7580000)
 ParOldGen       total 212992K, used 52595K [0x00000000a0000000, 0x00000000ad000000, 0x00000000e0000000)
  object space 212992K, 24% used [0x00000000a0000000,0x00000000a335cc80,0x00000000ad000000)
 Metaspace       used 92201K, capacity 97357K, committed 99392K, reserved 1134592K
  class space    used 11897K, capacity 12830K, committed 13400K, reserved 1048576K

Card table byte_map: [0x00000000119e0000,0x0000000011cf0000] byte_map_base: 0x00000000114e0000

Marking Bits: (ParMarkBitMap*) 0x00000000702a9f30
 Begin Bits: [0x00000000126f0000, 0x0000000013ef0000)
 End Bits:   [0x0000000013ef0000, 0x00000000156f0000)

Polling page: 0x0000000000b30000

CodeCache: size=245760Kb used=61539Kb max_used=61539Kb free=184220Kb
 bounds [0x0000000002620000, 0x0000000006290000, 0x0000000011620000]
 total_blobs=18872 nmethods=17993 adapters=786
 compilation: enabled

Compilation events (10 events):
Event: 1647.908 Thread 0x00000000163ed000 23380       4       com.google.common.collect.Maps$3::transform (6 bytes)
Event: 1647.912 Thread 0x00000000163ed000 nmethod 23380 0x000000000626a6d0 code [0x000000000626a840, 0x000000000626aa78]
Event: 1647.912 Thread 0x00000000163ed000 23395       4       java.lang.Long::<init> (10 bytes)
Event: 1647.912 Thread 0x00000000163ed000 nmethod 23395 0x0000000005f37a90 code [0x0000000005f37bc0, 0x0000000005f37c18]
Event: 1647.912 Thread 0x00000000163ed000 23378       4       java.nio.charset.Charset::lookup (44 bytes)
Event: 1647.914 Thread 0x00000000163ed000 nmethod 23378 0x000000000626be90 code [0x000000000626bfe0, 0x000000000626c1e8]
Event: 1647.937 Thread 0x00000000181e5000 23416       1       com.android.zipflinger.CentralDirectoryRecord::getSize (10 bytes)
Event: 1647.937 Thread 0x00000000181e5000 nmethod 23416 0x000000000626bb90 code [0x000000000626bce0, 0x000000000626bdf0]
Event: 1647.937 Thread 0x00000000181e5000 23417       3       com.android.zipflinger.CentralDirectoryRecord::write (152 bytes)
Event: 1647.939 Thread 0x00000000181e5000 nmethod 23417 0x0000000006268790 code [0x0000000006268aa0, 0x000000000626a058]

GC Heap History (10 events):
Event: 1343.736 GC heap before
{Heap before GC invocations=36 (full 3):
 PSYoungGen      total 324608K, used 324579K [0x00000000e0000000, 0x00000000fb480000, 0x0000000100000000)
  eden space 263680K, 100% used [0x00000000e0000000,0x00000000f0180000,0x00000000f0180000)
  from space 60928K, 99% used [0x00000000f4f00000,0x00000000f8a78cb0,0x00000000f8a80000)
  to   space 79360K, 0% used [0x00000000f0180000,0x00000000f0180000,0x00000000f4f00000)
 ParOldGen       total 145920K, used 111626K [0x00000000a0000000, 0x00000000a8e80000, 0x00000000e0000000)
  object space 145920K, 76% used [0x00000000a0000000,0x00000000a6d02b58,0x00000000a8e80000)
 Metaspace       used 91681K, capacity 97638K, committed 98008K, reserved 1134592K
  class space    used 12089K, capacity 13170K, committed 13272K, reserved 1048576K
Event: 1343.767 GC heap after
Heap after GC invocations=36 (full 3):
 PSYoungGen      total 343040K, used 54859K [0x00000000e0000000, 0x00000000faf00000, 0x0000000100000000)
  eden space 263680K, 0% used [0x00000000e0000000,0x00000000e0000000,0x00000000f0180000)
  from space 79360K, 69% used [0x00000000f0180000,0x00000000f3712c68,0x00000000f4f00000)
  to   space 82432K, 0% used [0x00000000f5e80000,0x00000000f5e80000,0x00000000faf00000)
 ParOldGen       total 145920K, used 112802K [0x00000000a0000000, 0x00000000a8e80000, 0x00000000e0000000)
  object space 145920K, 77% used [0x00000000a0000000,0x00000000a6e28b28,0x00000000a8e80000)
 Metaspace       used 91681K, capacity 97638K, committed 98008K, reserved 1134592K
  class space    used 12089K, capacity 13170K, committed 13272K, reserved 1048576K
}
Event: 1344.034 GC heap before
{Heap before GC invocations=37 (full 3):
 PSYoungGen      total 343040K, used 120420K [0x00000000e0000000, 0x00000000faf00000, 0x0000000100000000)
  eden space 263680K, 24% used [0x00000000e0000000,0x00000000e40066e8,0x00000000f0180000)
  from space 79360K, 69% used [0x00000000f0180000,0x00000000f3712c68,0x00000000f4f00000)
  to   space 82432K, 0% used [0x00000000f5e80000,0x00000000f5e80000,0x00000000faf00000)
 ParOldGen       total 145920K, used 112802K [0x00000000a0000000, 0x00000000a8e80000, 0x00000000e0000000)
  object space 145920K, 77% used [0x00000000a0000000,0x00000000a6e28b28,0x00000000a8e80000)
 Metaspace       used 92014K, capacity 98315K, committed 98496K, reserved 1134592K
  class space    used 12144K, capacity 13272K, committed 13272K, reserved 1048576K
Event: 1344.070 GC heap after
Heap after GC invocations=37 (full 3):
 PSYoungGen      total 357888K, used 51351K [0x00000000e0000000, 0x00000000fc000000, 0x0000000100000000)
  eden space 275456K, 0% used [0x00000000e0000000,0x00000000e0000000,0x00000000f0d00000)
  from space 82432K, 62% used [0x00000000f5e80000,0x00000000f90a5fe0,0x00000000faf00000)
  to   space 83456K, 0% used [0x00000000f0d00000,0x00000000f0d00000,0x00000000f5e80000)
 ParOldGen       total 145920K, used 112810K [0x00000000a0000000, 0x00000000a8e80000, 0x00000000e0000000)
  object space 145920K, 77% used [0x00000000a0000000,0x00000000a6e2ab28,0x00000000a8e80000)
 Metaspace       used 92014K, capacity 98315K, committed 98496K, reserved 1134592K
  class space    used 12144K, capacity 13272K, committed 13272K, reserved 1048576K
}
Event: 1344.070 GC heap before
{Heap before GC invocations=38 (full 4):
 PSYoungGen      total 357888K, used 51351K [0x00000000e0000000, 0x00000000fc000000, 0x0000000100000000)
  eden space 275456K, 0% used [0x00000000e0000000,0x00000000e0000000,0x00000000f0d00000)
  from space 82432K, 62% used [0x00000000f5e80000,0x00000000f90a5fe0,0x00000000faf00000)
  to   space 83456K, 0% used [0x00000000f0d00000,0x00000000f0d00000,0x00000000f5e80000)
 ParOldGen       total 145920K, used 112810K [0x00000000a0000000, 0x00000000a8e80000, 0x00000000e0000000)
  object space 145920K, 77% used [0x00000000a0000000,0x00000000a6e2ab28,0x00000000a8e80000)
 Metaspace       used 92014K, capacity 98315K, committed 98496K, reserved 1134592K
  class space    used 12144K, capacity 13272K, committed 13272K, reserved 1048576K
Event: 1344.191 GC heap after
Heap after GC invocations=38 (full 4):
 PSYoungGen      total 357888K, used 0K [0x00000000e0000000, 0x00000000fc000000, 0x0000000100000000)
  eden space 275456K, 0% used [0x00000000e0000000,0x00000000e0000000,0x00000000f0d00000)
  from space 82432K, 0% used [0x00000000f5e80000,0x00000000f5e80000,0x00000000faf00000)
  to   space 83456K, 0% used [0x00000000f0d00000,0x00000000f0d00000,0x00000000f5e80000)
 ParOldGen       total 212992K, used 52579K [0x00000000a0000000, 0x00000000ad000000, 0x00000000e0000000)
  object space 212992K, 24% used [0x00000000a0000000,0x00000000a3358c80,0x00000000ad000000)
 Metaspace       used 90983K, capacity 95579K, committed 98496K, reserved 1134592K
  class space    used 11783K, capacity 12638K, committed 13272K, reserved 1048576K
}
Event: 1517.732 GC heap before
{Heap before GC invocations=39 (full 4):
 PSYoungGen      total 357888K, used 275456K [0x00000000e0000000, 0x00000000fc000000, 0x0000000100000000)
  eden space 275456K, 100% used [0x00000000e0000000,0x00000000f0d00000,0x00000000f0d00000)
  from space 82432K, 0% used [0x00000000f5e80000,0x00000000f5e80000,0x00000000faf00000)
  to   space 83456K, 0% used [0x00000000f0d00000,0x00000000f0d00000,0x00000000f5e80000)
 ParOldGen       total 212992K, used 52579K [0x00000000a0000000, 0x00000000ad000000, 0x00000000e0000000)
  object space 212992K, 24% used [0x00000000a0000000,0x00000000a3358c80,0x00000000ad000000)
 Metaspace       used 91517K, capacity 96533K, committed 98880K, reserved 1134592K
  class space    used 11851K, capacity 12764K, committed 13400K, reserved 1048576K
Event: 1517.743 GC heap after
Heap after GC invocations=39 (full 4):
 PSYoungGen      total 358912K, used 15308K [0x00000000e0000000, 0x00000000fcc00000, 0x0000000100000000)
  eden space 275456K, 0% used [0x00000000e0000000,0x00000000e0000000,0x00000000f0d00000)
  from space 83456K, 18% used [0x00000000f0d00000,0x00000000f1bf3038,0x00000000f5e80000)
  to   space 82944K, 0% used [0x00000000f7b00000,0x00000000f7b00000,0x00000000fcc00000)
 ParOldGen       total 212992K, used 52587K [0x00000000a0000000, 0x00000000ad000000, 0x00000000e0000000)
  object space 212992K, 24% used [0x00000000a0000000,0x00000000a335ac80,0x00000000ad000000)
 Metaspace       used 91517K, capacity 96533K, committed 98880K, reserved 1134592K
  class space    used 11851K, capacity 12764K, committed 13400K, reserved 1048576K
}
Event: 1637.870 GC heap before
{Heap before GC invocations=40 (full 4):
 PSYoungGen      total 358912K, used 290764K [0x00000000e0000000, 0x00000000fcc00000, 0x0000000100000000)
  eden space 275456K, 100% used [0x00000000e0000000,0x00000000f0d00000,0x00000000f0d00000)
  from space 83456K, 18% used [0x00000000f0d00000,0x00000000f1bf3038,0x00000000f5e80000)
  to   space 82944K, 0% used [0x00000000f7b00000,0x00000000f7b00000,0x00000000fcc00000)
 ParOldGen       total 212992K, used 52587K [0x00000000a0000000, 0x00000000ad000000, 0x00000000e0000000)
  object space 212992K, 24% used [0x00000000a0000000,0x00000000a335ac80,0x00000000ad000000)
 Metaspace       used 91847K, capacity 96935K, committed 99136K, reserved 1134592K
  class space    used 11864K, capacity 12767K, committed 13400K, reserved 1048576K
Event: 1637.879 GC heap after
Heap after GC invocations=40 (full 4):
 PSYoungGen      total 376832K, used 12915K [0x00000000e0000000, 0x00000000fc580000, 0x0000000100000000)
  eden space 300544K, 0% used [0x00000000e0000000,0x00000000e0000000,0x00000000f2580000)
  from space 76288K, 16% used [0x00000000f7b00000,0x00000000f879cdf0,0x00000000fc580000)
  to   space 81920K, 0% used [0x00000000f2580000,0x00000000f2580000,0x00000000f7580000)
 ParOldGen       total 212992K, used 52595K [0x00000000a0000000, 0x00000000ad000000, 0x00000000e0000000)
  object space 212992K, 24% used [0x00000000a0000000,0x00000000a335cc80,0x00000000ad000000)
 Metaspace       used 91847K, capacity 96935K, committed 99136K, reserved 1134592K
  class space    used 11864K, capacity 12767K, committed 13400K, reserved 1048576K
}

Deoptimization events (10 events):
Event: 1639.361 Thread 0x000000001af0b800 Uncommon trap: reason=bimorphic action=maybe_recompile pc=0x00000000037a859c method=org.gradle.internal.logging.text.AbstractStyledTextOutput.text(Ljava/lang/Object;)Lorg/gradle/internal/logging/text/StyledTextOutput; @ 11
Event: 1639.366 Thread 0x000000001af0b800 Uncommon trap: reason=bimorphic action=maybe_recompile pc=0x00000000037a859c method=org.gradle.internal.logging.text.AbstractStyledTextOutput.text(Ljava/lang/Object;)Lorg/gradle/internal/logging/text/StyledTextOutput; @ 11
Event: 1639.370 Thread 0x000000001af0b800 Uncommon trap: reason=unstable_if action=reinterpret pc=0x0000000004806804 method=org.gradle.internal.operations.DefaultBuildOperationExecutor$3.stop()V @ 61
Event: 1639.391 Thread 0x000000001af0b800 Uncommon trap: reason=array_check action=maybe_recompile pc=0x00000000061ec404 method=java.util.ComparableTimSort.reverseRange([Ljava/lang/Object;II)V @ 27
Event: 1639.391 Thread 0x000000001af0b800 Uncommon trap: reason=unstable_if action=reinterpret pc=0x00000000035595d4 method=org.gradle.internal.serialize.ExceptionReplacingObjectOutputStream.doReplaceObject(Ljava/lang/Object;)Ljava/lang/Object; @ 4
Event: 1639.394 Thread 0x000000001af0b800 Uncommon trap: reason=class_check action=maybe_recompile pc=0x00000000027fd0e0 method=java.lang.String.equals(Ljava/lang/Object;)Z @ 8
Event: 1639.394 Thread 0x000000001af0b800 Uncommon trap: reason=class_check action=maybe_recompile pc=0x00000000027fd0e0 method=java.lang.String.equals(Ljava/lang/Object;)Z @ 8
Event: 1639.394 Thread 0x000000001af0b800 Uncommon trap: reason=class_check action=maybe_recompile pc=0x00000000027fd0e0 method=java.lang.String.equals(Ljava/lang/Object;)Z @ 8
Event: 1639.394 Thread 0x000000001af0b800 Uncommon trap: reason=class_check action=maybe_recompile pc=0x00000000027fd0e0 method=java.lang.String.equals(Ljava/lang/Object;)Z @ 8
Event: 1639.425 Thread 0x000000001af0b800 Uncommon trap: reason=array_check action=maybe_recompile pc=0x00000000061ec404 method=java.util.ComparableTimSort.reverseRange([Ljava/lang/Object;II)V @ 27

Classes redefined (0 events):
No events

Internal exceptions (10 events):
Event: 1518.830 Thread 0x000000001af10000 Exception <a 'sun/nio/fs/WindowsException'> (0x00000000ee1f2b38) thrown at [D:\src\AOSP-openjdk-cygwin\jdk8u\hotspot\src\share\vm\prims\jni.cpp, line 710]
Event: 1518.976 Thread 0x00000000206c8800 Exception <a 'sun/nio/fs/WindowsException'> (0x00000000eeddb0b8) thrown at [D:\src\AOSP-openjdk-cygwin\jdk8u\hotspot\src\share\vm\prims\jni.cpp, line 710]
Event: 1638.967 Thread 0x000000001f223800 Exception <a 'sun/nio/fs/WindowsException'> (0x00000000e4204ea8) thrown at [D:\src\AOSP-openjdk-cygwin\jdk8u\hotspot\src\share\vm\prims\jni.cpp, line 710]
Event: 1638.967 Thread 0x000000001f223800 Exception <a 'sun/nio/fs/WindowsException'> (0x00000000e4205350) thrown at [D:\src\AOSP-openjdk-cygwin\jdk8u\hotspot\src\share\vm\prims\jni.cpp, line 710]
Event: 1639.146 Thread 0x000000001f230000 Exception <a 'java/lang/OutOfMemoryError'> (0x00000000e662b698) thrown at [D:\src\AOSP-openjdk-cygwin\jdk8u\hotspot\src\share\vm\prims\unsafe.cpp, line 618]
Event: 1639.146 Thread 0x000000001f225000 Exception <a 'java/lang/OutOfMemoryError'> (0x00000000e65f1518) thrown at [D:\src\AOSP-openjdk-cygwin\jdk8u\hotspot\src\share\vm\prims\unsafe.cpp, line 618]
Event: 1639.284 Thread 0x0000000020693800 Exception <a 'java/lang/reflect/InvocationTargetException'> (0x00000000e678f1d0) thrown at [D:\src\AOSP-openjdk-cygwin\jdk8u\hotspot\src\share\vm\runtime\reflection.cpp, line 1092]
Event: 1639.351 Thread 0x000000001af0b800 Exception <a 'sun/nio/fs/WindowsException'> (0x00000000e67c32a0) thrown at [D:\src\AOSP-openjdk-cygwin\jdk8u\hotspot\src\share\vm\prims\jni.cpp, line 710]
Event: 1647.850 Thread 0x000000001f223800 Exception <a 'sun/nio/fs/WindowsException'> (0x00000000ec01c1b8) thrown at [D:\src\AOSP-openjdk-cygwin\jdk8u\hotspot\src\share\vm\prims\jni.cpp, line 710]
Event: 1647.850 Thread 0x000000001f223800 Exception <a 'sun/nio/fs/WindowsException'> (0x00000000ec01c680) thrown at [D:\src\AOSP-openjdk-cygwin\jdk8u\hotspot\src\share\vm\prims\jni.cpp, line 710]

Events (10 events):
Event: 1647.935 Executing VM operation: RevokeBias
Event: 1647.935 Executing VM operation: RevokeBias done
Event: 1647.935 Executing VM operation: RevokeBias
Event: 1647.936 Executing VM operation: RevokeBias done
Event: 1647.937 Thread 0x000000001f22b800 Thread added: 0x000000001f22b800
Event: 1647.937 Executing VM operation: RevokeBias
Event: 1647.937 Thread 0x000000001f224800 Thread added: 0x000000001f224800
Event: 1647.938 Executing VM operation: RevokeBias done
Event: 1647.938 Executing VM operation: RevokeBias
Event: 1647.938 Executing VM operation: RevokeBias done


Dynamic libraries:
0x00007ff736350000 - 0x00007ff736381000 	C:\Program Files\Android\Android Studio\jre\bin\java.exe
0x00007ff907940000 - 0x00007ff907b30000 	C:\Windows\SYSTEM32\ntdll.dll
0x00007ff905a90000 - 0x00007ff905b42000 	C:\Windows\System32\KERNEL32.DLL
0x00007ff904a80000 - 0x00007ff904d23000 	C:\Windows\System32\KERNELBASE.dll
0x00007ff907850000 - 0x00007ff9078f3000 	C:\Windows\System32\ADVAPI32.dll
0x00007ff907430000 - 0x00007ff9074ce000 	C:\Windows\System32\msvcrt.dll
0x00007ff9059f0000 - 0x00007ff905a87000 	C:\Windows\System32\sechost.dll
0x00007ff905d00000 - 0x00007ff905e20000 	C:\Windows\System32\RPCRT4.dll
0x00007ff907560000 - 0x00007ff9076f4000 	C:\Windows\System32\USER32.dll
0x00007ff9057c0000 - 0x00007ff9057e1000 	C:\Windows\System32\win32u.dll
0x00007ff906720000 - 0x00007ff906746000 	C:\Windows\System32\GDI32.dll
0x00007ff905620000 - 0x00007ff9057b4000 	C:\Windows\System32\gdi32full.dll
0x00007ff904e00000 - 0x00007ff904e9e000 	C:\Windows\System32\msvcp_win.dll
0x00007ff904980000 - 0x00007ff904a7a000 	C:\Windows\System32\ucrtbase.dll
0x00007ff8f2960000 - 0x00007ff8f2be5000 	C:\Windows\WinSxS\amd64_microsoft.windows.common-controls_6595b64144ccf1df_6.0.18362.693_none_e6c1b3c11311d480\COMCTL32.dll
0x00007ff906f90000 - 0x00007ff9072c6000 	C:\Windows\System32\combase.dll
0x00007ff905970000 - 0x00007ff9059f0000 	C:\Windows\System32\bcryptPrimitives.dll
0x00007ff9077b0000 - 0x00007ff9077de000 	C:\Windows\System32\IMM32.DLL
0x000000006f920000 - 0x000000006f9f2000 	C:\Program Files\Android\Android Studio\jre\jre\bin\msvcr100.dll
0x000000006fae0000 - 0x0000000070326000 	C:\Program Files\Android\Android Studio\jre\jre\bin\server\jvm.dll
0x00007ff906710000 - 0x00007ff906718000 	C:\Windows\System32\PSAPI.DLL
0x00007ff8f4de0000 - 0x00007ff8f4de9000 	C:\Windows\SYSTEM32\WSOCK32.dll
0x00007ff901a80000 - 0x00007ff901aa4000 	C:\Windows\SYSTEM32\WINMM.dll
0x00007ff905fa0000 - 0x00007ff90600f000 	C:\Windows\System32\WS2_32.dll
0x00007ff8f5f80000 - 0x00007ff8f5f8a000 	C:\Windows\SYSTEM32\VERSION.dll
0x00007ff901490000 - 0x00007ff9014bd000 	C:\Windows\SYSTEM32\winmmbase.dll
0x00007ff9048d0000 - 0x00007ff90491a000 	C:\Windows\System32\cfgmgr32.dll
0x00007ff8f3fd0000 - 0x00007ff8f3fdf000 	C:\Program Files\Android\Android Studio\jre\jre\bin\verify.dll
0x00007ff8ef3e0000 - 0x00007ff8ef409000 	C:\Program Files\Android\Android Studio\jre\jre\bin\java.dll
0x00007ff8ef3c0000 - 0x00007ff8ef3d6000 	C:\Program Files\Android\Android Studio\jre\jre\bin\zip.dll
0x00007ff9067c0000 - 0x00007ff906ea6000 	C:\Windows\System32\SHELL32.dll
0x00007ff905e20000 - 0x00007ff905ec9000 	C:\Windows\System32\shcore.dll
0x00007ff904ea0000 - 0x00007ff905620000 	C:\Windows\System32\windows.storage.dll
0x00007ff904870000 - 0x00007ff904899000 	C:\Windows\System32\Wldp.dll
0x00007ff905820000 - 0x00007ff905969000 	C:\Windows\System32\CRYPT32.dll
0x00007ff904850000 - 0x00007ff904862000 	C:\Windows\System32\MSASN1.dll
0x00007ff904920000 - 0x00007ff90497c000 	C:\Windows\System32\WINTRUST.dll
0x00007ff9048a0000 - 0x00007ff9048c3000 	C:\Windows\System32\profapi.dll
0x00007ff9047e0000 - 0x00007ff90482a000 	C:\Windows\System32\powrprof.dll
0x00007ff9047d0000 - 0x00007ff9047e0000 	C:\Windows\System32\UMPDC.dll
0x00007ff906f30000 - 0x00007ff906f82000 	C:\Windows\System32\shlwapi.dll
0x00007ff904830000 - 0x00007ff904841000 	C:\Windows\System32\kernel.appcore.dll
0x00007ff904d30000 - 0x00007ff904d47000 	C:\Windows\System32\cryptsp.dll
0x00007ff8ef3a0000 - 0x00007ff8ef3ba000 	C:\Program Files\Android\Android Studio\jre\jre\bin\net.dll
0x00007ff8fdd20000 - 0x00007ff8fdef5000 	C:\Windows\SYSTEM32\urlmon.dll
0x00007ff8fc4a0000 - 0x00007ff8fc746000 	C:\Windows\SYSTEM32\iertutil.dll
0x00007ff9041e0000 - 0x00007ff9041ec000 	C:\Windows\SYSTEM32\CRYPTBASE.DLL
0x00007ff904010000 - 0x00007ff904077000 	C:\Windows\system32\mswsock.dll
0x00007ff8ef380000 - 0x00007ff8ef393000 	C:\Program Files\Android\Android Studio\jre\jre\bin\nio.dll
0x00007ff8e2e30000 - 0x00007ff8e2e56000 	C:\Users\Irfani\.gradle\native\30\windows-amd64\native-platform.dll
0x00007ff8f2420000 - 0x00007ff8f242d000 	C:\Program Files\Android\Android Studio\jre\jre\bin\management.dll
0x00007ff903b80000 - 0x00007ff903bb3000 	C:\Windows\system32\rsaenh.dll
0x00007ff9057f0000 - 0x00007ff905816000 	C:\Windows\System32\bcrypt.dll
0x00007ff9046f0000 - 0x00007ff904715000 	C:\Windows\SYSTEM32\USERENV.dll
0x00007ff903d20000 - 0x00007ff903d5a000 	C:\Windows\SYSTEM32\IPHLPAPI.DLL
0x00007ff906750000 - 0x00007ff906758000 	C:\Windows\System32\NSI.dll
0x00007ff8fdf90000 - 0x00007ff8fdfa6000 	C:\Windows\SYSTEM32\dhcpcsvc6.DLL
0x00007ff8fe7f0000 - 0x00007ff8fe80c000 	C:\Windows\SYSTEM32\dhcpcsvc.DLL
0x00007ff903d60000 - 0x00007ff903e2a000 	C:\Windows\SYSTEM32\DNSAPI.dll

VM Arguments:
jvm_args: -Xmx1536m -Dfile.encoding=windows-1252 -Duser.country=ID -Duser.language=en -Duser.variant 
java_command: org.gradle.launcher.daemon.bootstrap.GradleDaemon 5.6.4
java_class_path (initial): C:\Users\Irfani\.gradle\wrapper\dists\gradle-5.6.4-all\ankdp27end7byghfw1q2sw75f\gradle-5.6.4\lib\gradle-launcher-5.6.4.jar
Launcher Type: SUN_STANDARD

Environment Variables:
JAVA_HOME=C:\Program Files\Java\jdk1.8.0_241
JRE_HOME=C:\Program Files\Java\jre1.8.0_241
PATH=C:\Program Files (x86)\Common Files\Oracle\Java\javapath;C:\Windows\system32;C:\Windows;C:\Windows\System32\Wbem;C:\Windows\System32\WindowsPowerShell\v1.0\;C:\Windows\System32\OpenSSH\;C:\xampp\php;C:\ProgramData\ComposerSetup\bin;C:\Program Files\Java\jdk1.8.0_241\bin;C:\Program Files\nodejs\;C:\Program Files\Git\cmd;C:\Users\Irfani\AppData\Local\Microsoft\WindowsApps;C:\Users\Irfani\AppData\Roaming\Composer\vendor\bin;C:\Users\Irfani\AppData\Local\Programs\Microsoft VS Code\bin;C:\Users\Irfani\AppData\Roaming\npm;C:\Program Files\Java\jdk1.8.0_241\bin;
USERNAME=Irfani
OS=Windows_NT
PROCESSOR_IDENTIFIER=Intel64 Family 6 Model 142 Stepping 10, GenuineIntel



---------------  S Y S T E M  ---------------

OS: Windows 10.0 , 64 bit Build 18362 (10.0.18362.329)

CPU:total 8 (initial active 8) (4 cores per cpu, 2 threads per core) family 6 model 142 stepping 10, cmov, cx8, fxsr, mmx, sse, sse2, sse3, ssse3, sse4.1, sse4.2, popcnt, avx, avx2, aes, clmul, erms, 3dnowpref, lzcnt, ht, tsc, tscinvbit, bmi1, bmi2, adx

Memory: 4k page, physical 8262884k(982684k free), swap 8262884k(8552k free)

vm_info: OpenJDK 64-Bit Server VM (25.212-b04) for windows-amd64 JRE (1.8.0_212-release-1586-b04), built by "builder" with MS VC++ 10.0 (VS2010)

time: Tue Mar 17 11:42:13 2020
timezone: SE Asia Standard Time
elapsed time: 1647 seconds (0d 0h 27m 27s)

